ucliGUI::start /home/icstudy/study_project/sv_labs/aut22/w2_lab/simv -ucligui 
set ucliGUI::state
set ucliGUI::state
ucliCore::getToolPID
synopsys::env hasTB
trigger_hier_stack_context_switch 0
synUtils::setDVEInitPhase 1
synopsys::dump -type VPD -file /home/icstudy/study_project/sv_labs/aut22/w2_lab/inter.vpd -locking
synopsys::dump -autoflush on -fid VPD2
set ::dve_fid VPD2
synUtils::setDVEInitPhase 0
ucliCore::getToolPID
synUtils::sendTool -active _icl_setToolSocket /tmp/smlnp5goHJk
synUtils::sendTool -active {_icl_start_rpc -version "O-2018.09-SP2_Full64" -sync_file /tmp/vcs_dve_rpc.icstudy.40141}
synUtils::sendTool -active {_icl_createSharedMemory /tmp/vcs_dve_general.icstudy.40141}
config endofsim noexit
config onfail enable all
config syscaddplainmembers
if [catch {gui_sim_terminate}] {gui_sim_terminate -kill}
synopsys::finish
set ucliGUI::state
set ucliGUI::state
ucli_exit
 session
# Saved on Sun Jun 21 22:21:21 2026
# Designs open: 1
#   Sim: /home/icstudy/study_project/sv_labs/aut22/w2_lab/simv
# Toplevel windows open: 2
# 	TopLevel.1
# 	TopLevel.2
#   Source.1: tb
#   Wave.1: 9 signals
#   Group count = 2
#   Group Group1 signal count = 9
#   Group Group2 signal count = 9
# End_DVE_Session_Save_Info
# DVE version: O-2018.09-SP2_Full64
# DVE build date: Feb 28 2019 23:39:41
#<Session mode="Restart" path=".restartSimSession.tcl" type="Debug">
# Application preferences
#<WindowLayout>
# DVE top-level session
# Create and position top-level window: TopLevel.1
set TopLevel.1 TopLevel.1
# Docked window settings
set HSPane.1 HSPane.1
set Hier.1 Hier.1
set DLPane.1 DLPane.1
set Data.1 Data.1
set Console.1 Console.1
# MDI window settings
set Source.1 Source.1
# End MDI window settings
# Create and position top-level window: TopLevel.2
set TopLevel.2 TopLevel.2
# Docked window settings
# MDI window settings
set Wave.1 Wave.1
# End MDI window settings
#</WindowLayout>
#<Database>
#</Database>
# DVE Global setting session:
# Global: Breakpoints
# Global: Bus
# Global: Expressions
# Global: Signal Time Shift
# Global: Signal Compare
# Global: Signal Groups
set _session_group_2 Group1
set Group1 "$_session_group_2"
set _session_group_3 Group2
set Group2 "$_session_group_3"
# Global: Highlighting
# Global: Stack
# Post database loading setting...
# Save global setting...
# Wave/List view global setting
# Close all empty TopLevel windows
foreach __top [gui_ekki_get_window_ids -type TopLevel] {     if { [llength [gui_ekki_get_window_ids -parent $__top]] == 0} {         gui_close_window -window $__top     } }
# DVE View/pane content session:
# Hier 'Hier.1'
catch {gui_list_expand -id ${Hier.1} tb}
catch {gui_list_select -id ${Hier.1} {tb.dut}}
# Data 'Data.1'
catch { gui_list_select -id ${Data.1} {tb.dut.dout tb.dut.din tb.dut.clock tb.dut.frameo_n tb.dut.reset_n tb.dut.valid_n tb.dut.frame_n tb.dut.valido_n tb.dut.busy_n }}
# Source 'Source.1'
# View 'Wave.1'
set groupExD [gui_get_pref_value -category Wave -key exclusiveSG]
set origWaveHeight [gui_get_pref_value -category Wave -key waveRowHeight]
set origGroupCreationState [gui_list_create_group_when_add -wave]
synopsys::dump -add {tb.dut.busy_n tb.dut.clock tb.dut.din tb.dut.dout tb.dut.frame_n tb.dut.frameo_n tb.dut.reset_n tb.dut.valid_n tb.dut.valido_n } -aggregates  -fid VPD2
if {$origGroupCreationState} { 	gui_list_create_group_when_add -wave -enable }
if { $groupExD } {  gui_msg_report -code DVWW028 }
# Restore toplevel window zorder
# The toplevel window could be closed if it has no view/pane
if {[gui_exist_window -window ${TopLevel.2}]} { 	gui_set_active_window -window ${TopLevel.2} 	gui_set_active_window -window ${Wave.1} }
if {[gui_exist_window -window ${TopLevel.1}]} { 	gui_set_active_window -window ${TopLevel.1} 	gui_set_active_window -window ${Source.1} 	gui_set_active_window -window ${Console.1} }
#</Session>
run 1us
set ucliGUI::state
set ucliGUI::state
set ucliGUI::state
set ucliGUI::state
set ucliGUI::state
if [catch {gui_sim_terminate}] {gui_sim_terminate -kill}
synopsys::finish
set ucliGUI::state
set ucliGUI::state
ucli_exit
