22:21:21    209 --> ...                                      [tcl] ucliGUI::start /home/icstudy/study_project/sv_labs/aut22/w2_lab/simv -ucligui 
22:21:21    210 --> ...                                          [tcl] set ucliGUI::state
22:21:21    211 --> ...                                              [tcl] gui_update_simulator_buttons
22:21:23    212 --> ...                                                  [tcl] set ucliGUI::state
22:21:23    213 --> ...                                                      [tcl] ucliCore::getToolPID
22:21:23    214 --> ...                                                          [tcl] synopsys::env hasTB
22:21:23    215 --> ...                                                              [tcl] trigger_hier_stack_context_switch 0
22:21:23    216 --> ...                                                                  [tcl] synUtils::setDVEInitPhase 1
22:21:23    217 --> ...                                                                      [tcl] gui_get_env SIMSETUP::SIMVPD
22:21:23    218 --> ...                                                                          [tcl] synopsys::dump -type VPD -file /home/icstudy/study_project/sv_labs/aut22/w2_lab/inter.vpd -locking
22:21:23    219 --> ...                                                                              [tcl] synopsys::dump -autoflush on -fid VPD2
22:21:23    220 --> ...                                                                                  [tcl] set ::dve_fid VPD2
22:21:23    221 --> ...                                                                                      [tcl] synUtils::setDVEInitPhase 0
22:21:23    222 --> ...                                                                                          [tcl] ucliCore::getToolPID
22:21:23    223 --> ...                                                                                              [tcl] synUtils::sendTool -active _icl_setToolSocket /tmp/smlnp5goHJk
22:21:23    224 --> ...                                                                                                  [tcl] synUtils::sendTool -active {_icl_start_rpc -version "O-2018.09-SP2_Full64" -sync_file /tmp/vcs_dve_rpc.icstudy.40141}
22:21:23    225 --> ...  [tcl] synUtils::sendTool -active {_icl_createSharedMemory /tmp/vcs_dve_general.icstudy.40141}
22:21:23    226 --> ...      [tcl] config endofsim noexit
22:21:23    227 --> ...          [tcl] config onfail enable all
22:21:23    228 --> ...              [tcl] config syscaddplainmembers
22:21:23    229 --> ...                  [tcl] config syscaddsourcenames
22:21:23    230 --> ...                      [tcl] config syscaddstructtypes
22:21:23    231 --> ...                          [tcl] synopsys::listing -disable
22:21:23    232 --> ...                    22:21:42    40 --> ...                                                              [tcl] if [catch {gui_sim_terminate}] {gui_sim_terminate -kill}
22:21:42    41 --> ...                                                                  [tcl] synopsys::finish
22:21:42    42 --> ...                                                                      [tcl] set ucliGUI::state
22:21:42    43 --> ...                                                                          [tcl] gui_update_simulator_buttons
22:21:43    44 --> ...                                                                              [tcl] set ucliGUI::state
22:21:43    45 --> ...                                                                                  [tcl] catch {senv activeDomain} dveMisc::result 
22:21:43    46 --> ...                                                                                      [tcl] set dveMisc::result
22:21:43    47 --> ...                                                                                          [tcl] gui_update_simulator_buttons
22:21:43    48 --> ...                                                                                              [tcl] catch {senv activeDomain} dveMisc::result 
22:21:43    49 --> ...                                                                                                  [tcl] set dveMisc::result
22:21:43    50 --> ...  [tcl] ucli_exit
                                                                            [tcl] # End_DVE_Session_Save_Info
22:21:23    246 --> ...                                                                                      [tcl] # DVE version: O-2018.09-SP2_Full64
22:21:23    247 --> ...                                                                                          [tcl] # DVE build date: Feb 28 2019 23:39:41
22:21:23    248 --> ...                                                                                              [tcl] #<Session mode="Restart" path=".restartSimSession.tcl" type="Debug">
22:21:23    249 --> ...                                                                                                  [tcl] gui_set_loading_session_type Restart
22:21:23    250 --> ...  [tcl] gui_continuetime_set
22:21:23    251 --> ...      [tcl] gui_clear_window -type Wave
22:21:23    252 --> ...          [tcl] gui_clear_window -type List
22:21:23    253 --> ...              [tcl] # Application preferences
22:21:23    254 --> ...                  [tcl] gui_set_pref_value -key app_default_font -value {Helvetica,10,-1,5,50,0,0,0,0,0}
22:21:23    255 --> ...                      [tcl] gui_src_preferences -tabstop 8 -maxbits 24 -windownumber 1
22:21:23    256 --> ...                          [tcl] #<WindowLayout>
22:21:23    257 --> ...                              [tcl] # DVE top-level session
22:21:23    258 --> ...                                  [tcl] # Create and position top-level window: TopLevel.1
22:21:23    259 --> ...                                      [tcl] set TopLevel.1 TopLevel.1
22:21:23    260 --> ...                                          [tcl] # Docked window settings
22:21:23    261 --> ...                                              [tcl] set HSPane.1 HSPane.1
22:21:23    262 --> ...                                                  [tcl] set Hier.1 Hier.1
22:21:23    263 --> ...                                                      [tcl] set DLPane.1 DLPane.1
22:21:23    264 --> ...                                                          [tcl] set Data.1 Data.1
22:21:23    265 --> ...                                                              [tcl] set Console.1 Console.1
22:21:23    266 --> ...                                                                  [tcl] gui_sync_global -id ${TopLevel.1} -option true
22:21:23    267 --> ...                                                                      [tcl] # MDI window settings
22:21:23    268 --> ...                                                                          [tcl] set Source.1 Source.1
22:21:23    269 --> ...                                                                              [tcl] gui_update_layout -id ${Source.1} {{show_state maximized} {dock_state undocked} {dock_on_new_line false}}
22:21:23    270 --> ...                                                                                  [tcl] # End MDI window settings
22:21:23    271 --> ...                                                                                      [tcl] # Create and position top-level window: TopLevel.2
22:21:23    272 --> ...                                                                                          [tcl] set TopLevel.2 TopLevel.2
22:21:23    273 --> ...                                                                                              [tcl] # Docked window settings
22:21:23    274 --> ...                                                                                                  [tcl] gui_sync_global -id ${TopLevel.2} -option true
22:21:23    275 --> ...  [tcl] # MDI window settings
22:21:23    276 --> ...      [tcl] set Wave.1 Wave.1
22:21:23    277 --> ...          [tcl] gui_update_layout -id ${Wave.1} {{show_state maximized} {dock_state undocked} {dock_on_new_line false} {child_wave_left 742} {child_wave_right 1810} {child_wave_colname 369} {child_wave_colvalue 369} {child_wave_col1 0} {child_wave_col2 1}}
22:21:23    278 --> ...              [tcl] # End MDI window settings
22:21:23    279 --> ...                  [tcl] #</WindowLayout>
22:21:23    280 --> ...                      [tcl] #<Database>
22:21:23    281 --> ...                          [tcl] gui_set_precision 1ps
22:21:23    282 --> ...                              [tcl] gui_set_time_units 1ps
22:21:23    283 --> ...                                  [tcl] #</Database>
22:21:23    284 --> ...                                      [tcl] # DVE Global setting session:
22:21:23    285 --> ...                                          [tcl] # Global: Breakpoints
22:21:23    286 --> ...                                              [tcl] # Global: Bus
22:21:23    287 --> ...                                                  [tcl] # Global: Expressions
22:21:23    288 --> ...                                                      [tcl] # Global: Signal Time Shift
22:21:23    289 --> ...                                                          [tcl] # Global: Signal Compare
22:21:23    290 --> ...                                                              [tcl] # Global: Signal Groups
22:21:23    291 --> ...                                                                  [tcl] set _session_group_2 Group1
22:21:23    292 --> ...                                                                      [tcl] gui_sg_create "$_session_group_2"
22:21:24    293 --> ...                                                                          [tcl] set Group1 "$_session_group_2"
22:21:24    294 --> ...                                                                              [tcl] gui_sg_addsignal -group "$_session_group_2" { tb.dut.reset_n tb.dut.clock tb.dut.din tb.dut.frame_n tb.dut.valid_n tb.dut.dout tb.dut.valido_n tb.dut.busy_n tb.dut.frameo_n }
22:21:24    295 --> ...                                                                                  [tcl] set _session_group_3 Group2
22:21:24    296 --> ...                                                                                      [tcl] gui_sg_create "$_session_group_3"
22:21:24    297 --> ...                                                                                          [tcl] set Group2 "$_session_group_3"
22:21:24    298 --> ...                                                                                              [tcl] gui_sg_addsignal -group "$_session_group_3" { tb.dut.dout tb.dut.din tb.dut.clock tb.dut.frameo_n tb.dut.reset_n tb.dut.valid_n tb.dut.frame_n tb.dut.valido_n tb.dut.busy_n }
22:21:24    299 --> ...                                                                                                  [tcl] # Global: Highlighting
22:21:24    300 --> ...  [tcl] # Global: Stack
22:21:24    301 --> ...      [tcl] gui_change_stack_mode -mode list
22:21:24    302 --> ...          [tcl] # Post database loading setting...
22:21:24    303 --> ...              [tcl] # Save global setting...
22:21:24    304 --> ...                  [tcl] # Wave/List view global setting
22:21:24    305 --> ...                      [tcl] gui_cov_show_value -switch false
22:21:24    306 --> ...                          [tcl] # Close all empty TopLevel windows
22:21:24    307 --> ...                              [tcl] foreach __top [gui_ekki_get_window_ids -type TopLevel] {     if { [llength [gui_ekki_get_window_ids -parent $__top]] == 0} {         gui_close_window -window $__top     } }
22:21:24    308 --> ...                                  [tcl] gui_set_loading_session_type noSession
22:21:24    309 --> ...                                      [tcl] # DVE View/pane content session:
22:21:24    310 --> ...                                          [tcl] # Hier 'Hier.1'
22:21:24    311 --> ...                                              [tcl] gui_show_window -window ${Hier.1}
22:21:24    312 --> ...                                                  [tcl] gui_list_set_filter -id ${Hier.1} -list { {Package 1} {All 0} {Process 1} {VirtPowSwitch 0} {UnnamedProcess 1} {UDP 0} {Function 1} {Block 1} {SrsnAndSpaCell 0} {OVA Unit 1} {LeafScCell 1} {LeafVlgCell 1} {Interface 1} {LeafVhdCell 1} {$unit 1} {NamedBlock 1} {Task 1} {VlgPackage 1} {ClassDef 1} {VirtIsoCell 0} }
22:21:24    313 --> ...                                                      [tcl] gui_list_set_filter -id ${Hier.1} -text {*}
22:21:24    314 --> ...                                                          [tcl] gui_change_design -id ${Hier.1} -design Sim
22:21:24    315 --> ...                                                              [tcl] catch {gui_list_expand -id ${Hier.1} tb}
22:21:24    316 --> ...                                                                  [tcl] catch {gui_list_select -id ${Hier.1} {tb.dut}}
22:21:24    317 --> ...                                                                      [tcl] dveMisc::vbusExpand tb.dut
22:21:24    318 --> ...                                                                          [tcl] gui_view_scroll -id ${Hier.1} -vertical -set 0
22:21:24    319 --> ...                                                                              [tcl] gui_view_scroll -id ${Hier.1} -horizontal -set 0
22:21:24    320 --> ...                                                                                  [tcl] # Data 'Data.1'
22:21:24    321 --> ...                                                                                      [tcl] gui_list_set_filter -id ${Data.1} -list { {Buffer 1} {Input 1} {Others 1} {Linkage 1} {Output 1} {LowPower 1} {Parameter 1} {All 1} {Aggregate 1} {LibBaseMember 1} {Event 1} {Assertion 1} {Constant 1} {Interface 1} {BaseMembers 1} {Signal 1} {$unit 1} {Inout 1} {Variable 1} }
22:21:24    322 --> ...                                                                                          [tcl] gui_list_set_filter -id ${Data.1} -text {*}
22:21:24    323 --> ...                                                                                              [tcl] gui_list_show_data -id ${Data.1} {tb.dut}
22:21:24    324 --> ...                                                                                                  [tcl] gui_show_window -window ${Data.1}
22:21:24    325 --> ...  [tcl] catch { gui_list_select -id ${Data.1} {tb.dut.dout tb.dut.din tb.dut.clock tb.dut.frameo_n tb.dut.reset_n tb.dut.valid_n tb.dut.frame_n tb.dut.valido_n tb.dut.busy_n }}
22:21:24    326 --> ...      [tcl] gui_view_scroll -id ${Data.1} -vertical -set 0
22:21:24    327 --> ...          [tcl] gui_view_scroll -id ${Data.1} -horizontal -set 0
22:21:24    328 --> ...              [tcl] gui_view_scroll -id ${Hier.1} -vertical -set 0
22:21:24    329 --> ...                  [tcl] gui_view_scroll -id ${Hier.1} -horizontal -set 0
22:21:24    330 --> ...                      [tcl] # Source 'Source.1'
22:21:24    331 --> ...                          [tcl] gui_src_value_annotate -id ${Source.1} -switch false
22:21:24    332 --> ...                              [tcl] gui_set_env TOGGLE::VALUEANNOTATE 0
22:21:24    333 --> ...                                  [tcl] gui_open_source -id ${Source.1}  -replace -active tb /home/icstudy/study_project/sv_labs/aut22/w2_lab/tb.sv
22:21:24    334 --> ...                                      [tcl] gui_view_scroll -id ${Source.1} -vertical -set 0
22:21:24    335 --> ...                                          [tcl] gui_src_set_reusable -id ${Source.1}
22:21:24    336 --> ...                                              [tcl] # View 'Wave.1'
22:21:24    337 --> ...                                                  [tcl] gui_wv_sync -id ${Wave.1} -switch false
22:21:24    338 --> ...                                                      [tcl] set groupExD [gui_get_pref_value -category Wave -key exclusiveSG]
22:21:24    339 --> ...                                                          [tcl] gui_set_pref_value -category Wave -key exclusiveSG -value {false}
22:21:24    340 --> ...                                                              [tcl] set origWaveHeight [gui_get_pref_value -category Wave -key waveRowHeight]
22:21:24    341 --> ...                                                                  [tcl] gui_list_set_height -id Wave -height 25
22:21:24    342 --> ...                                                                      [tcl] set origGroupCreationState [gui_list_create_group_when_add -wave]
22:21:24    343 --> ...                                                                          [tcl] gui_list_create_group_when_add -wave -disable
22:21:24    344 --> ...                                                                              [tcl] gui_wv_zoom_timerange -id ${Wave.1} 1999998 2000002
22:21:24    345 --> ...                                                                                  [tcl] gui_list_add_group -id ${Wave.1} -after {New Group} {Group2}
22:21:24    346 --> ...                                                                                      [tcl] synopsys::dump -add {tb.dut.busy_n tb.dut.clock tb.dut.din tb.dut.dout tb.dut.frame_n tb.dut.frameo_n tb.dut.reset_n tb.dut.valid_n tb.dut.valido_n } -aggregates  -fid VPD2
22:21:24    347 --> ...                                                                                          [tcl] gui_seek_criteria -id ${Wave.1} {Any Edge}
22:21:24    348 --> ...                                                                                              [tcl] gui_set_env TOGGLE::DEFAULT_WAVE_WINDOW ${Wave.1}
22:21:24    349 --> ...                                                                                                  [tcl] gui_set_pref_value -category Wave -key exclusiveSG -value $groupExD
22:21:24    350 --> ...  [tcl] gui_list_set_height -id Wave -height $origWaveHeight
22:21:24    351 --> ...      [tcl] if {$origGroupCreationState} { 	gui_list_create_group_when_add -wave -enable }
22:21:24    352 --> ...          [tcl] if { $groupExD } {  gui_msg_report -code DVWW028 }
22:21:24    353 --> ...              [tcl] gui_list_set_filter -id ${Wave.1} -list { {Buffer 1} {Input 1} {Others 1} {Linkage 1} {Output 1} {Parameter 1} {All 1} {Aggregate 1} {LibBaseMember 1} {Event 1} {Assertion 1} {Constant 1} {Interface 1} {BaseMembers 1} {Signal 1} {$unit 1} {Inout 1} {Variable 1} }
22:21:24    354 --> ...                  [tcl] gui_list_set_filter -id ${Wave.1} -text {*}
22:21:24    355 --> ...                      [tcl] gui_list_set_insertion_bar  -id ${Wave.1} -group Group2  -position in
22:21:24    356 --> ...                          [tcl] gui_view_scroll -id ${Wave.1} -vertical -set 0
22:21:24    357 --> ...                              [tcl] gui_show_grid -id ${Wave.1} -enable false
22:21:24    358 --> ...                                  [tcl] # Restore toplevel window zorder
22:21:24    359 --> ...                                      [tcl] # The toplevel window could be closed if it has no view/pane
22:21:24    360 --> ...                                          [tcl] if {[gui_exist_window -window ${TopLevel.2}]} { 	gui_set_active_window -window ${TopLevel.2} 	gui_set_active_window -window ${Wave.1} }
22:21:24    361 --> ...                                              [tcl] if {[gui_exist_window -window ${TopLevel.1}]} { 	gui_set_active_window -window ${TopLevel.1} 	gui_set_active_window -window ${Source.1} 	gui_set_active_window -window ${Console.1} }
22:21:24    362 --> ...                                                  [tcl] #</Session>
22:21:27    363 --> ...                                                      [tcl] run 1us
22:21:27    364 --> ...                                                          [tcl] set ucliGUI::state
22:21:27    365 --> ...                                                              [tcl] gui_update_simulator_buttons
22:21:27    366 --> ...                                                                  [tcl] set ucliGUI::state
22:21:27    367 --> ...                                                                      [tcl] set ucliGUI::state
22:21:27    368 --> ...                                                                          [tcl] set ucliGUI::state
22:21:27    369 --> ...                                                                              [tcl] set ucliGUI::state
22:21:27    370 --> ...                                                                                  [tcl] catch {senv activeDomain} dveMisc::result 
22:21:27    371 --> ...                                                                                      [tcl] set dveMisc::result
22:21:27    372 --> ...                                                                                          [tcl] gui_update_simulator_buttons
22:21:27    373 --> ...                                                                                              [tcl] dveMisc::vbusExpand tb
22:21:47    374 --> ...                                                                                                  [tcl] if [catch {gui_sim_terminate}] {gui_sim_terminate -kill}
22:21:47    375 --> ...  [tcl] synopsys::finish
22:21:47    376 --> ...      [tcl] set ucliGUI::state
22:21:47    377 --> ...          [tcl] gui_update_simulator_buttons
22:21:47    378 --> ...              [tcl] set ucliGUI::state
22:21:47    379 --> ...                  [tcl] catch {senv activeDomain} dveMisc::result 
22:21:47    380 --> ...                      [tcl] set dveMisc::result
22:21:47    381 --> ...                          [tcl] gui_update_simulator_buttons
22:21:47    382 --> ...                              [tcl] catch {senv activeDomain} dveMisc::result 
22:21:47    383 --> ...                                  [tcl] set dveMisc::result
22:21:47    384 --> ...                                      [tcl] ucli_exit
