20:17:06    401 --> ...      [tcl] ucliGUI::start /home/icstudy/study_project/sv_labs/aut22/w4_lab/simv -ucligui 
20:17:06    402 --> ...          [tcl] set ucliGUI::state
20:17:06    403 --> ...              [tcl] gui_update_simulator_buttons
20:17:07    404 --> ...                  [tcl] set ucliGUI::state
20:17:07    405 --> ...                      [tcl] ucliCore::getToolPID
20:17:07    406 --> ...                          [tcl] synopsys::env hasTB
20:17:07    407 --> ...                              [tcl] trigger_hier_stack_context_switch 0
20:17:07    408 --> ...                                  [tcl] synopsys::xml set_array_limit <data limit="50" />
20:17:07    409 --> ...                                      [tcl] synopsys::xml set_depth_limit <data limit="100" />
20:17:08    410 --> ...                                          [tcl] synopsys::xml set_string_limit <data limit="1000" />
20:17:08    411 --> ...                                              [tcl] synopsys::xml set_only_active_frame <data value="1" />
20:17:08    412 --> ...                                                  [tcl] synopsys::xml set_variable_frame_id <data value="1" />
20:17:08    413 --> ...                                                      [tcl] synUtils::setDVEInitPhase 1
20:17:08    414 --> ...                                                          [tcl] gui_get_env SIMSETUP::SIMVPD
20:17:08    415 --> ...                                                              [tcl] synopsys::dump -type VPD -file /home/icstudy/study_project/sv_labs/aut22/w4_lab/inter.vpd -locking
20:17:08    416 --> ...                                                                  [tcl] synopsys::dump -autoflush on -fid VPD2
20:17:08    417 --> ...                                                                      [tcl] set ::dve_fid VPD2
20:17:08    418 --> ...                                                                          [tcl] synUtils::setDVEInitPhase 0
20:17:08    419 --> ...                                                                              [tcl] ucliCore::getToolPID
20:17:08    420 --> ...                                                                                  [tcl] synUtils::sendTool -active _icl_setToolSocket /tmp/smlnpaztS7K
20:17:08    421 --> ...                                                                                      [tcl] synUtils::sendTool -active {_icl_start_rpc -version "O-2018.09-SP2_Full64" -sync_file /tmp/vcs_dve_rpc.icstudy.5791}
20:17:08    422 --> ...                                                                                          [tcl] synUtils::sendTool -active {_icl_createSharedMemory /tmp/vcs_dve_general.icstudy.5791}
20:17:08    423 --> ...                                                                                              [tcl] config endofsim noexit
20:17:08    424 --> ...                                                                                                  [tcl] config onfail enable all
20:17:08    425 --> ...  [tcl] config syscaddplainmembers
20:17:08    426 --> ...      [tcl] config syscaddsourcenames
20:17:08    427 --> ...          [tcl] config syscaddstructtypes
20:17:08    428 --> ...              [tcl] synopsys::listing -disable
20:17:08    429 --> ...                  [tcl] # Begin_DVE_Session_Save_Info
20:17:08    430 --> ...                      [tcl] # DVE restart session
20:17:08    431 --> ...                          [tcl] # Saved on Fri Jul 3 20:17:06 2026
20:17:08    432 --> ...                              [tcl] # Designs open: 1
20:17:08    433 --> ...                                  [tcl] #   Sim: /home/icstudy/study_project/sv_labs/aut22/w4_lab/simv
20:17:08    434 --> ...                                      [tcl] # Toplevel windows open: 2
20:17:08    435 --> ...                                          [tcl] # 	TopLevel.1
20:17:08    436 --> ...                                              [tcl] # 	TopLevel.2
20:17:08    437 --> ...                                                  [tcl] #   Source.1: tb
20:17:08    438 --> ...                                                      [tcl] #   Wave.1: 18 signals
20:17:08    439 --> ...                                                          [tcl] #   Group count = 3
20:17:08    440 --> ...                                                              [tcl] #   Group Router(DUT) signal count = 10
20:17:08    441 --> ...                                                                  [tcl] #   Group din_chl[0] signal count = 4
20:17:08    442 --> ...                                                                      [tcl] #   Group dout_chnl[3] signal count = 4
20:17:08    443 --> ...                                                                          [tcl] # End_DVE_Session_Save_Info
20:17:08    444 --> ...                                                                              [tcl] # DVE version: O-2018.09-SP2_Full64
20:17:08    445 --> ...                                                                                  [tcl] # DVE build date: Feb 28 2019 23:39:41
20:17:08    446 --> ...                                                                                      [tcl] #<Session mode="Restart" path=".restartSimSession.tcl" type="Debug">
20:17:08    447 --> ...                                                                                          [tcl] gui_set_loading_session_type Restart
20:17:08    448 --> ...                                                                                              [tcl] gui_continuetime_set
20:17:08    449 --> ...                                                                                                  [tcl] gui_clear_window -type Wave
20:17:08    450 --> ...  [tcl] gui_clear_window -type List
20:17:08    451 --> ...      [tcl] # Application preferences
20:17:08    452 --> ...          [tcl] gui_set_pref_value -key app_default_font -value {Bitstream Charter,14,-1,5,50,0,0,0,0,0}
20:17:08    453 --> ...              [tcl] gui_src_preferences -tabstop 8 -maxbits 24 -windownumber 1
20:17:08    454 --> ...                  [tcl] #<WindowLayout>
20:17:08    455 --> ...                      [tcl] # DVE top-level session
20:17:08    456 --> ...                          [tcl] # Create and position top-level window: TopLevel.1
20:17:08    457 --> ...                              [tcl] set TopLevel.1 TopLevel.1
20:17:08    458 --> ...                                  [tcl] # Docked window settings
20:17:08    459 --> ...                                      [tcl] set HSPane.1 HSPane.1
20:17:08    460 --> ...                                          [tcl] set Hier.1 Hier.1
20:17:08    461 --> ...                                              [tcl] set Stack.1 Stack.1
20:17:08    462 --> ...                                                  [tcl] set Class.1 Class.1
20:17:08    463 --> ...                                                      [tcl] set Object.1 Object.1
20:17:08    464 --> ...                                                          [tcl] set DLPane.1 DLPane.1
20:17:08    465 --> ...                                                              [tcl] set Data.1 Data.1
20:17:08    466 --> ...                                                                  [tcl] set Local.1 Local.1
20:17:08    467 --> ...                                                                      [tcl] set Member.1 Member.1
20:17:08    468 --> ...                                                                          [tcl] set Console.1 Console.1
20:17:08    469 --> ...                                                                              [tcl] gui_sync_global -id ${TopLevel.1} -option true
20:17:08    470 --> ...                                                                                  [tcl] # MDI window settings
20:17:08    471 --> ...                                                                                      [tcl] set Source.1 Source.1
20:17:08    472 --> ...                                                                                          [tcl] gui_update_layout -id ${Source.1} {{show_state maximized} {dock_state undocked} {dock_on_new_line false}}
20:17:08    473 --> ...                                                                                              [tcl] # End MDI window settings
20:17:08    474 --> ...                                                                                                  [tcl] # Create and position top-level window: TopLevel.2
20:17:08    475 --> ...  [tcl] set TopLevel.2 TopLevel.2
20:17:08    476 --> ...      [tcl] # Docked window settings
20:17:08    477 --> ...          [tcl] gui_sync_global -id ${TopLevel.2} -option true
20:17:08    478 --> ...              [tcl] # MDI window settings
20:17:08    479 --> ...                  [tcl] set Wave.1 Wave.1
20:17:08    480 --> ...                      [tcl] gui_update_layout -id ${Wave.1} {{show_state maximized} {dock_state undocked} {dock_on_new_line false} {child_wave_left 742} {child_wave_right 1810} {child_wave_colname 373} {child_wave_colvalue 365} {child_wave_col1 0} {child_wave_col2 1}}
20:17:08    481 --> ...                          [tcl] # End MDI window settings
20:17:08    482 --> ...                              [tcl] #</WindowLayout>
20:17:08    483 --> ...                                  [tcl] #<Database>
20:17:08    484 --> ...                                      [tcl] gui_set_precision 1ps
20:17:08    485 --> ...                                          [tcl] gui_set_time_units 1ps
20:17:08    486 --> ...                                              [tcl] #</Database>
20:17:08    487 --> ...                                                  [tcl] # DVE Global setting session:
20:17:08    488 --> ...                                                      [tcl] # Global: Breakpoints
20:17:08    489 --> ...                                                          [tcl] # Global: Bus
20:17:08    490 --> ...                                                              [tcl] # Global: Expressions
20:17:08    491 --> ...                                                                  [tcl] # Global: Signal Time Shift
20:17:08    492 --> ...                                                                      [tcl] # Global: Signal Compare
20:17:08    493 --> ...                                                                          [tcl] # Global: Signal Groups
20:17:08    494 --> ...                                                                              [tcl] gui_load_child_values {tb.dut}
20:17:08    495 --> ...                                                                                  [tcl] synopsys::dump -add {tb.dut} -scope "." -depth 1 -fid VPD2
20:17:08    496 --> ...                                                                                      [tcl] set _session_group_1 Router(DUT)
20:17:08    497 --> ...                                                                                          [tcl] gui_sg_create "$_session_group_1"
20:17:08    498 --> ...                                                                                              [tcl] set Router(DUT) "$_session_group_1"
20:17:08    499 --> ...                                                                                                  [tcl] gui_sg_addsignal -group "$_session_group_1" { tb.dut.reset_n tb.dut.clock tb.dut.din tb.dut.valid_n tb.dut.frame_n tb.dut.dout tb.dut.valido_n tb.dut.busy_n {tb.dut.busy_n[3]} tb.dut.frameo_n }
20:17:08    500 --> ...  [tcl] set _session_group_2 {din_chl[0]}
20:17:08    501 --> ...      [tcl] gui_sg_create "$_session_group_2"
20:17:08    502 --> ...          [tcl] set {din_chl[0]} "$_session_group_2"
20:17:08    503 --> ...              [tcl] gui_sg_addsignal -group "$_session_group_2" { tb.dut.clock {tb.dut.din[0]} {tb.dut.valid_n[0]} {tb.dut.frame_n[0]} }
20:17:08    504 --> ...                  [tcl] set _session_group_3 {dout_chnl[3]}
20:17:08    505 --> ...                      [tcl] gui_sg_create "$_session_group_3"
20:17:08    506 --> ...                          [tcl] set {dout_chnl[3]} "$_session_group_3"
20:17:08    507 --> ...                              [tcl] gui_sg_addsignal -group "$_session_group_3" { {tb.dut.dout[3]} {tb.dut.valido_n[3]} {tb.dut.frameo_n[3]} {tb.dut.busy_n[3]} }
20:17:08    508 --> ...                                  [tcl] # Global: Highlighting
20:17:08    509 --> ...                                      [tcl] # Global: Stack
20:17:08    510 --> ...                                          [tcl] gui_change_stack_mode -mode list
20:17:08    511 --> ...                                              [tcl] # Post database loading setting...
20:17:08    512 --> ...                                                  [tcl] # Save global setting...
20:17:08    513 --> ...                                                      [tcl] # Wave/List view global setting
20:17:08    514 --> ...                                                          [tcl] gui_cov_show_value -switch false
20:17:08    515 --> ...                                                              [tcl] # Close all empty TopLevel windows
20:17:08    516 --> ...                                                                  [tcl] foreach __top [gui_ekki_get_window_ids -type TopLevel] {     if { [llength [gui_ekki_get_window_ids -parent $__top]] == 0} {         gui_close_window -window $__top     } }
20:17:08    517 --> ...                                                                      [tcl] gui_set_loading_session_type noSession
20:17:08    518 --> ...                                                                          [tcl] # DVE View/pane content session:
20:17:08    519 --> ...                                                                              [tcl] # Hier 'Hier.1'
20:17:08    520 --> ...                                                                                  [tcl] gui_show_window -window ${Hier.1}
20:17:08    521 --> ...                                                                                      [tcl] gui_list_set_filter -id ${Hier.1} -list { {Package 1} {All 0} {Process 1} {VirtPowSwitch 0} {UnnamedProcess 1} {UDP 0} {Function 1} {Block 1} {SrsnAndSpaCell 0} {OVA Unit 1} {LeafScCell 1} {LeafVlgCell 1} {Interface 1} {LeafVhdCell 1} {$unit 1} {NamedBlock 1} {Task 1} {VlgPackage 1} {ClassDef 1} {VirtIsoCell 0} }
20:17:08    522 --> ...                                                                                          [tcl] gui_list_set_filter -id ${Hier.1} -text {*}
20:17:08    523 --> ...                                                                                              [tcl] gui_change_design -id ${Hier.1} -design Sim
20:17:08    524 --> ...                                                                                                  [tcl] catch {gui_list_select -id ${Hier.1} {tb}}
20:17:08    525 --> ...  [tcl] dveMisc::vbusExpand tb
20:17:08    526 --> ...      [tcl] gui_view_scroll -id ${Hier.1} -vertical -set 0
20:17:08    527 --> ...          [tcl] gui_view_scroll -id ${Hier.1} -horizontal -set 0
20:17:08    528 --> ...              [tcl] # Class 'Class.1'
20:17:08    529 --> ...                  [tcl] gui_list_set_filter -id ${Class.1} -list { {OVM 1} {VMM 1} {All 1} {Object 1} {UVM 1} {RVM 1} }
20:17:08    530 --> ...                      [tcl] gui_list_set_filter -id ${Class.1} -text {*}
20:17:08    531 --> ...                          [tcl] gui_change_design -id ${Class.1} -design Sim
20:17:08    532 --> ...                              [tcl] # Warning: Class view not found.
20:17:08    533 --> ...                                  [tcl] # Member 'Member.1'
20:17:08    534 --> ...                                      [tcl] gui_list_set_filter -id ${Member.1} -list { {InternalMember 0} {RandMember 1} {All 0} {BaseMember 0} {PrivateMember 1} {LibBaseMember 0} {AutomaticMember 1} {VirtualMember 1} {PublicMember 1} {ProtectedMember 1} {OverRiddenMember 0} {InterfaceClassMember 1} {StaticMember 1} }
20:17:08    535 --> ...                                          [tcl] gui_list_set_filter -id ${Member.1} -text {*}
20:17:08    536 --> ...                                              [tcl] # Data 'Data.1'
20:17:08    537 --> ...                                                  [tcl] gui_list_set_filter -id ${Data.1} -list { {Buffer 1} {Input 1} {Others 1} {Linkage 1} {Output 1} {LowPower 1} {Parameter 1} {All 1} {Aggregate 1} {LibBaseMember 1} {Event 1} {Assertion 1} {Constant 1} {Interface 1} {BaseMembers 1} {Signal 1} {$unit 1} {Inout 1} {Variable 1} }
20:17:08    538 --> ...                                                      [tcl] gui_list_set_filter -id ${Data.1} -text {*}
20:17:08    539 --> ...                                                          [tcl] gui_list_show_data -id ${Data.1} {tb}
20:17:08    540 --> ...                                                              [tcl] gui_view_scroll -id ${Data.1} -vertical -set 0
20:17:08    541 --> ...                                                                  [tcl] gui_view_scroll -id ${Data.1} -horizontal -set 0
20:17:08    542 --> ...                                                                      [tcl] gui_view_scroll -id ${Hier.1} -vertical -set 0
20:17:08    543 --> ...                                                                          [tcl] gui_view_scroll -id ${Hier.1} -horizontal -set 0
20:17:08    544 --> ...                                                                              [tcl] # Source 'Source.1'
20:17:08    545 --> ...                                                                                  [tcl] gui_src_value_annotate -id ${Source.1} -switch false
20:17:08    546 --> ...                                                                                      [tcl] gui_set_env TOGGLE::VALUEANNOTATE 0
20:17:08    547 --> ...                                                                                          [tcl] gui_open_source -id ${Source.1}  -replace -active tb /home/icstudy/study_project/sv_labs/aut22/w4_lab/tb.sv
20:17:08    548 --> ...                                                                                              [tcl] gui_src_value_annotate -id ${Source.1} -switch true
20:17:08    549 --> ...                                                                                                  [tcl] ucliGUI::getSignalValues -scope tb -radix {binary binary hexadecimal hexadecimal hexadecimal hexadecimal hexadecimal hexadecimal hexadecimal } -list {clk rstn {din[15:0]} {frame_n[15:0]} {valid_n[15:0]} {dout[15:0]} {valido_n[15:0]} {busy_n[15:0]} {frameo_n[15:0]} }
20:17:08    550 --> ...  [tcl] gui_set_env TOGGLE::VALUEANNOTATE 1
20:17:08    551 --> ...      [tcl] gui_view_scroll -id ${Source.1} -vertical -set 425
20:17:08    552 --> ...          [tcl] gui_src_set_reusable -id ${Source.1}
20:17:08    553 --> ...              [tcl] # View 'Wave.1'
20:17:08    554 --> ...                  [tcl] gui_wv_sync -id ${Wave.1} -switch false
20:17:08    555 --> ...                      [tcl] set groupExD [gui_get_pref_value -category Wave -key exclusiveSG]
20:17:08    556 --> ...                          [tcl] gui_set_pref_value -category Wave -key exclusiveSG -value {false}
20:17:08    557 --> ...                              [tcl] set origWaveHeight [gui_get_pref_value -category Wave -key waveRowHeight]
20:17:08    558 --> ...                                  [tcl] gui_list_set_height -id Wave -height 25
20:17:08    559 --> ...                                      [tcl] set origGroupCreationState [gui_list_create_group_when_add -wave]
20:17:08    560 --> ...                                          [tcl] gui_list_create_group_when_add -wave -disable
20:17:08    561 --> ...                                              [tcl] gui_wv_zoom_timerange -id ${Wave.1} 0 2000000
20:17:08    562 --> ...                                                  [tcl] gui_list_add_group -id ${Wave.1} -after {New Group} {Router(DUT)}
20:17:08    563 --> ...                                                      [tcl] gui_list_add_group -id ${Wave.1} -after {New Group} {{din_chl[0]}}
20:17:08    564 --> ...                                                          [tcl] gui_list_add_group -id ${Wave.1} -after {New Group} {{dout_chnl[3]}}
20:17:08    565 --> ...                                                              [tcl] gui_seek_criteria -id ${Wave.1} {Rising}
20:17:08    566 --> ...                                                                  [tcl] gui_set_env TOGGLE::DEFAULT_WAVE_WINDOW ${Wave.1}
20:17:08    567 --> ...                                                                      [tcl] gui_set_pref_value -category Wave -key exclusiveSG -value $groupExD
20:17:08    568 --> ...                                                                          [tcl] gui_list_set_height -id Wave -height $origWaveHeight
20:17:08    569 --> ...                                                                              [tcl] if {$origGroupCreationState} { 	gui_list_create_group_when_add -wave -enable }
20:17:08    570 --> ...                                                                                  [tcl] if { $groupExD } {  gui_msg_report -code DVWW028 }
20:17:08    571 --> ...                                                                                      [tcl] gui_list_set_filter -id ${Wave.1} -list { {Buffer 1} {Input 1} {Others 1} {Linkage 1} {Output 1} {Parameter 1} {All 1} {Aggregate 1} {LibBaseMember 1} {Event 1} {Assertion 1} {Constant 1} {Interface 1} {BaseMembers 1} {Signal 1} {$unit 1} {Inout 1} {Variable 1} }
20:17:08    572 --> ...                                                                                          [tcl] gui_list_set_filter -id ${Wave.1} -text {*}
20:17:08    573 --> ...                                                                                              [tcl] gui_list_set_insertion_bar  -id ${Wave.1} -group Router(DUT)  -item {tb.dut.frameo_n[15:0]} -position below
20:17:08    574 --> ...                                                                                                  [tcl] gui_view_scroll -id ${Wave.1} -vertical -set 0
20:17:08    575 --> ...  [tcl] gui_show_grid -id ${Wave.1} -enable false
20:17:08    576 --> ...      [tcl] # Restore toplevel window zorder
20:17:08    577 --> ...          [tcl] # The toplevel window could be closed if it has no view/pane
20:17:08    578 --> ...              [tcl] if {[gui_exist_window -window ${TopLevel.2}]} { 	gui_set_active_window -window ${TopLevel.2} 	gui_set_active_window -window ${Wave.1} }
20:17:08    579 --> ...                  [tcl] if {[gui_exist_window -window ${TopLevel.1}]} { 	gui_set_active_window -window ${TopLevel.1} 	gui_set_active_window -window ${Source.1} 	gui_set_active_window -window ${Console.1} }
20:17:09    580 --> ...                      [tcl] #</Session>
20:17:13    581 --> ...                          [tcl] run 1us
20:17:13    582 --> ...                              [tcl] set ucliGUI::state
20:17:13    583 --> ...                                  [tcl] gui_update_simulator_buttons
20:17:13    584 --> ...                                      [tcl] set ucliGUI::state
20:17:13    585 --> ...                                          [tcl] set ucliGUI::state
20:17:13    586 --> ...                                              [tcl] set ucliGUI::state
20:17:13    587 --> ...                                                  [tcl] set ucliGUI::state
20:17:13    588 --> ...                                                      [tcl] catch {senv activeDomain} dveMisc::result 
20:17:13    589 --> ...                                                          [tcl] set dveMisc::result
20:17:13    590 --> ...                                                              [tcl] gui_update_simulator_buttons
20:17:13    591 --> ...                                                                  [tcl] synopsys::xml get_stop_data
20:17:13    592 --> ...                                                                      [tcl] ucliGUI::getSignalValues -scope tb -radix {binary binary } -list {rstn clk }
20:17:13    593 --> ...                                                                          [tcl] ucliGUI::getSignalValues -scope tb -radix {hexadecimal hexadecimal hexadecimal hexadecimal hexadecimal hexadecimal hexadecimal } -list {{din[15:0]} {frame_n[15:0]} {valid_n[15:0]} {dout[15:0]} {valido_n[15:0]} {busy_n[15:0]} {frameo_n[15:0]} }
20:17:40    594 --> ...                                                                              [tcl] if [catch {gui_sim_terminate}] {gui_sim_terminate -kill}
20:17:40    595 --> ...                                                                                  [tcl] synopsys::finish
20:17:40    596 --> ...                                                                                      [tcl] set ucliGUI::state
20:17:40    597 --> ...                                                                                          [tcl] gui_update_simulator_buttons
20:17:40    598 --> ...                                                                                              [tcl] set ucliGUI::state
20:17:40    599 --> ...                                                                                                  [tcl] catch {senv activeDomain} dveMisc::result 
20:17:40    600 --> ...  [tcl] set dveMisc::result
20:17:40    601 --> ...      [tcl] gui_update_simulator_buttons
20:17:40    602 --> ...          [tcl] catch {senv activeDomain} dveMisc::result 
20:17:40    603 --> ...              [tcl] set dveMisc::result
20:17:40    604 --> ...                  [tcl] ucli_exit
