Chronologic VCS simulator copyright 1991-2018
Contains Synopsys proprietary information.
Compiler version O-2018.09-SP2_Full64; Runtime version O-2018.09-SP2_Full64;  Jul  3 20:16 2026
VCD+ Writer O-2018.09-SP2_Full64 Copyright (c) 1991-2018 by Synopsys Inc.
The file '/home/icstudy/study_project/sv_labs/aut22/w4_lab/inter.vpd' was opened successfully.
           V C S   S i m u l a t i o n   R e p o r t 
Time: 0 ps
CPU Time:      0.350 seconds;       Data structure size:   0.1Mb
Fri Jul  3 20:16:52 2026
Chronologic VCS simulator copyright 1991-2018
Contains Synopsys proprietary information.
Compiler version O-2018.09-SP2_Full64; Runtime version O-2018.09-SP2_Full64;  Jul  3 20:16 2026
VCD+ Writer O-2018.09-SP2_Full64 Copyright (c) 1991-2018 by Synopsys Inc.
The file '/home/icstudy/study_project/sv_labs/aut22/w4_lab/inter.vpd' was opened successfully.
dve> restart
Chronologic VCS simulator copyright 1991-2018
Contains Synopsys proprietary information.
Compiler version O-2018.09-SP2_Full64; Runtime version O-2018.09-SP2_Full64;  Jul  3 20:17 2026
VCD+ Writer O-2018.09-SP2_Full64 Copyright (c) 1991-2018 by Synopsys Inc.
The file '/home/icstudy/study_project/sv_labs/aut22/w4_lab/inter.vpd' was opened successfully.
dve> run 1us
1000000 ps
src_chinal[0] & dest_chianl[3] dtat_trans started
src_chinal[3] & dest_chianl[6] dtat_trans started
src_chinal[0] & dest_chinal[3] date_trans_finished 
src_chinal[0] & dest_chianl[5] dtat_trans started
src_chinal[3] & dest_chinal[6] date_trans_finished 
src_chinal[0] & dest_chinal[5] date_trans_finished 
           V C S   S i m u l a t i o n   R e p o r t 
Time: 1000000 ps
CPU Time:      0.280 seconds;       Data structure size:   0.1Mb
Fri Jul  3 20:17:40 2026
