# Preference setting overrides
gui_set_pref_value -category {Globals} -key {app_default_font} -value {Bitstream Charter,14,-1,5,50,0,0,0,0,0}
gui_set_pref_value -category {Globals} -key {app_fixed_width_font} -value {Courier 10 Pitch,14,-1,5,50,0,0,0,0,0}
gui_create_pref_key -category {Globals} -key {load_detail_for_funcov} -value_type {bool} -value {false}
gui_set_pref_value -category {Source} -key {value_annotate} -value {true}
gui_create_pref_category -category {dlg_settings}
gui_create_pref_key -category {dlg_settings} -key {tableWithImmediatePopup} -value_type {bool} -value {true}

# State setting overrides
gui_state_default_create -off -ini
gui_set_state_value -category Globals -key recent_sessions -value {{gui_load_session -ignore_errors -file /home/icstudy/study_project/sv_labs/aut22/w4_lab/session.inter.vpd.tcl} {gui_load_session -ignore_errors -file /home/icstudy/study_project/sv_labs/aut22/w3_lab/session.inter.vpd.tcl}}
gui_set_state_value -category Globals -key recent_tcl_scripts -value {{gui_dve_source -global /home/icstudy/study_project/sv_labs/aut22/w5_lab/session.inter.vpd.tcl} {gui_dve_source -global /home/icstudy/study_project/sv_labs/aut22/w4_lab/session.inter.vpd.tcl}}
gui_set_state_value -category Layout -key child_console_size_x -value 2557
gui_set_state_value -category Layout -key child_console_size_y -value 176
gui_set_state_value -category Layout -key child_data_coltype -value 144
gui_set_state_value -category Layout -key child_data_colvalue -value 139
gui_set_state_value -category Layout -key child_data_colvariable -value 181
gui_set_state_value -category Layout -key child_data_size_x -value 467
gui_set_state_value -category Layout -key child_data_size_y -value 1048
gui_set_state_value -category Layout -key child_hier_col3 -value {-1}
gui_set_state_value -category Layout -key child_hier_colhier -value 206
gui_set_state_value -category Layout -key child_hier_colpd -value 0
gui_set_state_value -category Layout -key child_hier_coltype -value 136
gui_set_state_value -category Layout -key child_hier_size_x -value 346
gui_set_state_value -category Layout -key child_hier_size_y -value 1048
gui_set_state_value -category Layout -key child_source_docknewline -value false
gui_set_state_value -category Layout -key child_source_pos_x -value {-2}
gui_set_state_value -category Layout -key child_source_pos_y -value {-23}
gui_set_state_value -category Layout -key child_source_size_x -value 1747
gui_set_state_value -category Layout -key child_source_size_y -value 1044
gui_set_state_value -category Layout -key child_wave_colname -value 373
gui_set_state_value -category Layout -key child_wave_colvalue -value 365
gui_set_state_value -category Layout -key child_wave_left -value 742
gui_set_state_value -category Layout -key child_wave_right -value 1810
gui_set_state_value -category Layout -key main_pos_x -value 0
gui_set_state_value -category Layout -key main_pos_y -value 65
gui_set_state_value -category Layout -key main_size_x -value 2557
gui_set_state_value -category Layout -key main_size_y -value 1393
gui_set_state_value -category Layout -key stand_source_child_pos_x -value {-2}
gui_set_state_value -category Layout -key stand_source_child_pos_y -value {-15}
gui_set_state_value -category Layout -key stand_source_child_size_x -value 1743
gui_set_state_value -category Layout -key stand_source_child_size_y -value 1064
gui_set_state_value -category Layout -key stand_wave_child_docknewline -value false
gui_set_state_value -category Layout -key stand_wave_child_pos_x -value {-2}
gui_set_state_value -category Layout -key stand_wave_child_pos_y -value {-23}
gui_set_state_value -category Layout -key stand_wave_child_size_x -value 2562
gui_set_state_value -category Layout -key stand_wave_child_size_y -value 1220
gui_set_state_value -category Layout -key stand_wave_top_pos_x -value 60
gui_set_state_value -category Layout -key stand_wave_top_pos_y -value 103
gui_set_state_value -category Layout -key stand_wave_top_size_x -value 2617
gui_set_state_value -category Layout -key stand_wave_top_size_y -value 1431
gui_create_state_key -category FindDialog -key m_pMatchCase -value_type bool -value false
gui_create_state_key -category FindDialog -key m_pMatchWord -value_type bool -value false
gui_create_state_key -category FindDialog -key m_pUseCombo -value_type string -value {}
gui_create_state_key -category FindDialog -key m_pWrapAround -value_type bool -value true
gui_state_default_create -off

# Begin command logging
gui_set_pref_value -category {Globals} -key {smart_resize} -value {false}
gui_set_pref_value -category {Globals} -key {smart_resize} -value {true}
gui_sim_run Ucli -exe ./simv -args {-ucligui  } -dir .
restart
gui_sim_restart
gui_set_pref_value -category {Source} -key {value_annotate} -value {false}
gui_set_pref_value -category {Source} -key {value_annotate} -value {true}
run 2us
gui_list_expand -id  Hier.1   tb
gui_list_select -id Hier.1 -current_item_name tb.dut -current_item_type Scope  -selected  { tb.dut   }
gui_list_select -id Data.1 -selected  { tb.dut.reset_n   }
gui_list_select -id Data.1 -selected  { tb.dut.reset_n  tb.dut.clock  {tb.dut.din[15:0]}  {tb.dut.frame_n[15:0]}  {tb.dut.valid_n[15:0]}  {tb.dut.dout[15:0]}  {tb.dut.valido_n[15:0]}  {tb.dut.busy_n[15:0]}  {tb.dut.frameo_n[15:0]}   }
gui_open_window Wave
gui_list_add -id Wave.1 -from Data.1 { tb.dut.reset_n tb.dut.clock {tb.dut.din[15:0]} {tb.dut.frame_n[15:0]} {tb.dut.valid_n[15:0]} {tb.dut.dout[15:0]} {tb.dut.valido_n[15:0]} {tb.dut.busy_n[15:0]} {tb.dut.frameo_n[15:0]} } -insertionbar
gui_wv_zoom_timerange -id  Wave.1 0 596
restart
gui_sim_restart
gui_set_pref_value -category {Source} -key {value_annotate} -value {false}
gui_set_pref_value -category {Source} -key {value_annotate} -value {true}
run 2us
gui_marker_move -id  Wave.1 C1 1999753
gui_zoom -window Wave.1 -full
gui_list_expand -id  Wave.1   {tb.dut.din[15:0]}
gui_list_collapse -id  Wave.1   {tb.dut.din[15:0]}
gui_list_select -id Wave.1 -selected  { {New Group}   }
gui_list_select -id Wave.1 -selected  { tb.dut.clock   }
gui_sg_create  Group2 
gui_list_add_group -id  Wave.1   {Group2} 
gui_list_add  -id  Wave.1   -after Group2 {{tb.dut.clock}}
gui_sg_create  Group3 
gui_list_add_group -id  Wave.1   {Group3} 
gui_list_add  -id  Wave.1   -after Group3 {{tb.dut.clock}}
gui_list_select -id Wave.1 -selected  {  }
gui_list_expand -id  Wave.1   {tb.dut.din[15:0]}
gui_list_select -id Wave.1 -selected  { {tb.dut.din[0]}   }
gui_list_add  -id  Wave.1   -after tb.dut.clock {{tb.dut.din[0]}} 
gui_list_collapse -id  Wave.1   {tb.dut.din[15:0]}
gui_list_select -id Wave.1 -selected  { {tb.dut.valid_n[15:0]}   }
gui_list_expand -id  Wave.1   {tb.dut.valid_n[15:0]}
gui_list_select -id Wave.1 -selected  { {tb.dut.valid_n[0]}   }
gui_list_add  -id  Wave.1   -after {tb.dut.din[0]} {{tb.dut.valid_n[0]}} 
gui_list_collapse -id  Wave.1   {tb.dut.valid_n[15:0]}
gui_list_expand -id  Wave.1   {tb.dut.frame_n[15:0]}
gui_list_select -id Wave.1 -selected  { {tb.dut.frame_n[0]}   }
gui_list_add  -id  Wave.1   -after {tb.dut.valid_n[0]} {{tb.dut.frame_n[0]}} 
gui_list_collapse -id  Wave.1   Group2
gui_list_collapse -id  Wave.1   Group3
gui_list_expand -id  Wave.1   Group3
gui_list_collapse -id  Wave.1   {tb.dut.frame_n[15:0]}
gui_list_expand -id  Wave.1   {tb.dut.dout[15:0]}
gui_list_select -id Wave.1 -selected  { {tb.dut.dout[3]}   }
gui_list_add  -id  Wave.1   -after tb.dut.clock {{tb.dut.dout[3]}} 
gui_list_collapse -id  Wave.1   {tb.dut.dout[15:0]}
gui_list_expand -id  Wave.1   {tb.dut.valido_n[15:0]}
gui_list_select -id Wave.1 -selected  { {tb.dut.valido_n[3]}   }
gui_list_add  -id  Wave.1   -after {tb.dut.dout[3]} {{tb.dut.valido_n[3]}} 
gui_list_collapse -id  Wave.1   {tb.dut.valido_n[15:0]}
gui_list_expand -id  Wave.1   {tb.dut.frameo_n[15:0]}
gui_list_select -id Wave.1 -selected  { {tb.dut.frameo_n[3]}   }
gui_sg_create  Group4 
gui_list_add_group -id  Wave.1   {Group4} 
gui_list_add  -id  Wave.1   -after Group4 {{tb.dut.frameo_n[3]}}
gui_list_select -id Wave.1 -selected  { {tb.dut.frameo_n[3]}   }
gui_list_move  -id  Wave.1    -sid  Wave.1   -after {tb.dut.valido_n[3]} {{tb.dut.frameo_n[3]}} 
gui_list_collapse -id  Wave.1   {tb.dut.frameo_n[15:0]}
gui_list_expand -id  Wave.1   {tb.dut.busy_n[15:0]}
gui_list_select -id Wave.1 -selected  { {tb.dut.busy_n[3]}   }
gui_list_add  -id  Wave.1   -after {tb.dut.frameo_n[3]} {{tb.dut.busy_n[3]}} 
gui_list_collapse -id  Wave.1   Group3
gui_delete_selected -id  Wave.1
gui_save_session -savedb none -view {Wave.1 }  -file /home/icstudy/study_project/sv_labs/aut22/w5_lab/session.inter.vpd.tcl
gui_marker_move -id  Wave.1 C1 535196
gui_list_expand -id  Wave.1   Group2
gui_list_expand -id  Wave.1   Group3
gui_list_select -id Wave.1 -selected  { {New Group}   }
gui_list_collapse -id  Wave.1   {tb.dut.busy_n[15:0]}
gui_list_expand -id  Wave.1   {tb.dut.din[15:0]}
gui_marker_move -id  Wave.1 C1 1040223
restart
gui_sim_restart
gui_set_pref_value -category {Source} -key {value_annotate} -value {false}
gui_set_pref_value -category {Source} -key {value_annotate} -value {true}
run 2us
gui_marker_move -id  Wave.1 C1 1422346
gui_zoom -window Wave.1 -full
gui_zoom -window Wave.1 -full
gui_marker_move -id  Wave.1 C1 328492
gui_zoom -window Wave.1 -full
gui_zoom -window Wave.1 -full
gui_zoom -window Wave.1 -full
gui_wv_zoom_timerange -id  Wave.1 30168 689385
gui_list_select -id Wave.1 -selected  { {tb.dut.din[0]}   }
gui_list_select -id Wave.1 -selected  { {tb.dut.valid_n[0]}   }
gui_list_select -id Wave.1 -selected  { {tb.dut.frame_n[0]}   }
restart
gui_sim_restart
gui_set_pref_value -category {Source} -key {value_annotate} -value {false}
gui_set_pref_value -category {Source} -key {value_annotate} -value {true}
run 2us
restart
gui_sim_restart
gui_set_pref_value -category {Source} -key {value_annotate} -value {false}
gui_set_pref_value -category {Source} -key {value_annotate} -value {true}
run 2us
gui_marker_move -id  Wave.1 C1 1754843
gui_zoom -window Wave.1 -full
restart
gui_sim_restart
gui_set_pref_value -category {Source} -key {value_annotate} -value {false}
gui_set_pref_value -category {Source} -key {value_annotate} -value {true}
gui_sim_watch { -file  $::env(PWD)/tb.sv  -line  51  }
gui_sim_continue  
restart
gui_sim_restart
gui_set_pref_value -category {Source} -key {value_annotate} -value {false}
gui_set_pref_value -category {Source} -key {value_annotate} -value {true}
gui_sim_continue  
gui_list_expand -id  Local.1   {Sim:$prog.tb.inst1@0.drive_chnl0_proc@20.unnamed$$_0@20.p}
gui_sim_continue  
gui_sim_continue  
gui_sim_continue  
run1u
run1us
run 1us
gui_zoom -window Wave.1 -full
restart
gui_sim_restart
gui_set_pref_value -category {Source} -key {value_annotate} -value {false}
gui_set_pref_value -category {Source} -key {value_annotate} -value {true}
run2us
run 2us
gui_zoom -window Wave.1 -full
gui_zoom -window Wave.1 -full
gui_zoom -window Wave.1 -full
gui_sim_watch { -delete [gui_watch_info -ids] }
restart
gui_sim_restart
gui_set_pref_value -category {Source} -key {value_annotate} -value {false}
gui_set_pref_value -category {Source} -key {value_annotate} -value {true}
run 2us
gui_zoom -window Wave.1 -full
restart
gui_sim_restart
gui_set_pref_value -category {Source} -key {value_annotate} -value {false}
gui_set_pref_value -category {Source} -key {value_annotate} -value {true}
run 2us
gui_zoom -window Wave.1 -full
gui_close_window -window Wave.1
gui_close_window -window TopLevel.2
