Chronologic VCS simulator copyright 1991-2018
Contains Synopsys proprietary information.
Compiler version O-2018.09-SP2_Full64; Runtime version O-2018.09-SP2_Full64;  Jul  3 21:17 2026
VCD+ Writer O-2018.09-SP2_Full64 Copyright (c) 1991-2018 by Synopsys Inc.
The file '/home/icstudy/study_project/sv_labs/aut22/w5_lab/inter.vpd' was opened successfully.
dve> restart
Chronologic VCS simulator copyright 1991-2018
Contains Synopsys proprietary information.
Compiler version O-2018.09-SP2_Full64; Runtime version O-2018.09-SP2_Full64;  Jul  3 21:18 2026
VCD+ Writer O-2018.09-SP2_Full64 Copyright (c) 1991-2018 by Synopsys Inc.
The file '/home/icstudy/study_project/sv_labs/aut22/w5_lab/inter.vpd' was opened successfully.
dve> run 2us
2000000 ps
@105000: [DRV] src_chinal[0] & dest_chianl[3] dtat_trans started
@365000: [DRV] src_chinal[0] & dest_chinal[3] date_trans_finished 
@365000: [DRV] src_chinal[0] & dest_chianl[5] dtat_trans started
@625000: [DRV] src_chinal[0] & dest_chinal[5] date_trans_finished 
@625000: [DRV] src_chinal[3] & dest_chianl[6] dtat_trans started
@965000: [DRV] src_chinal[3] & dest_chinal[6] date_trans_finished 

Warning-[NVPD-UNSUPP-OBJ] Object not supported for VPD dumping
  The object "tb.inst1.drive_chnl0_proc.p" is not currently supported for 
  dumping to a VPD file.  This object will not be dumped, but other objects 
  will continue to be dumped.
  To avoid this message please remove this object from the dump command.

dve> restart
Chronologic VCS simulator copyright 1991-2018
Contains Synopsys proprietary information.
Compiler version O-2018.09-SP2_Full64; Runtime version O-2018.09-SP2_Full64;  Jul  3 21:18 2026
VCD+ Writer O-2018.09-SP2_Full64 Copyright (c) 1991-2018 by Synopsys Inc.
The file '/home/icstudy/study_project/sv_labs/aut22/w5_lab/inter.vpd' was opened successfully.

Warning-[NVPD-UNSUPP-OBJ] Object not supported for VPD dumping
  The object "tb.inst1.drive_chnl0_proc.p" is not currently supported for 
  dumping to a VPD file.  This object will not be dumped, but other objects 
  will continue to be dumped.
  To avoid this message please remove this object from the dump command.

dve> run 2us
2000000 ps
@105000: [DRV] src_chinal[0] & dest_chianl[3] dtat_trans started
@365000: [DRV] src_chinal[0] & dest_chinal[3] date_trans_finished 
@365000: [DRV] src_chinal[0] & dest_chianl[5] dtat_trans started
@625000: [DRV] src_chinal[0] & dest_chinal[5] date_trans_finished 
@625000: [DRV] src_chinal[3] & dest_chianl[6] dtat_trans started
@965000: [DRV] src_chinal[3] & dest_chinal[6] date_trans_finished 
dve> restart
Chronologic VCS simulator copyright 1991-2018
Contains Synopsys proprietary information.
Compiler version O-2018.09-SP2_Full64; Runtime version O-2018.09-SP2_Full64;  Jul  3 22:37 2026
VCD+ Writer O-2018.09-SP2_Full64 Copyright (c) 1991-2018 by Synopsys Inc.
The file '/home/icstudy/study_project/sv_labs/aut22/w5_lab/inter.vpd' was opened successfully.

Warning-[NVPD-UNSUPP-OBJ] Object not supported for VPD dumping
  The object "tb.inst1.drive_chnl0_proc.p" is not currently supported for 
  dumping to a VPD file.  This object will not be dumped, but other objects 
  will continue to be dumped.
  To avoid this message please remove this object from the dump command.

dve> run 2us
2000000 ps
dve> restart
Chronologic VCS simulator copyright 1991-2018
Contains Synopsys proprietary information.
Compiler version O-2018.09-SP2_Full64; Runtime version O-2018.09-SP2_Full64;  Jul  3 22:45 2026
VCD+ Writer O-2018.09-SP2_Full64 Copyright (c) 1991-2018 by Synopsys Inc.
The file '/home/icstudy/study_project/sv_labs/aut22/w5_lab/inter.vpd' was opened successfully.
dve> run 2us
2000000 ps
@105000: [DRV] src_chinal[0] & dest_chianl[5] dtat_trans started
@105000: [DRV] src_chinal[4] & dest_chianl[7] dtat_trans started
@105000: [DRV] src_chinal[4] & dest_chianl[7] dtat_trans started
@105000: [DRV] src_chinal[4] & dest_chianl[7] dtat_trans started
@365000: [DRV] src_chinal[0] & dest_chinal[5] date_trans_finished 
@445000: [DRV] src_chinal[4] & dest_chinal[7] date_trans_finished 
@445000: [DRV] src_chinal[4] & dest_chinal[7] date_trans_finished 
@445000: [DRV] src_chinal[4] & dest_chinal[7] date_trans_finished 

Warning-[NVPD-UNSUPP-OBJ] Object not supported for VPD dumping
  The object "tb.inst1.drive_chnl0_proc.p" is not currently supported for 
  dumping to a VPD file.  This object will not be dumped, but other objects 
  will continue to be dumped.
  To avoid this message please remove this object from the dump command.

dve> restart
Chronologic VCS simulator copyright 1991-2018
Contains Synopsys proprietary information.
Compiler version O-2018.09-SP2_Full64; Runtime version O-2018.09-SP2_Full64;  Jul  3 22:54 2026
VCD+ Writer O-2018.09-SP2_Full64 Copyright (c) 1991-2018 by Synopsys Inc.
The file '/home/icstudy/study_project/sv_labs/aut22/w5_lab/inter.vpd' was opened successfully.
dve> run 2us
2000000 ps
@105000: [DRV] src_chinal[0] & dest_chianl[5] dtat_trans started
@365000: [DRV] src_chinal[0] & dest_chinal[5] date_trans_finished 
@365000: [DRV] src_chinal[4] & dest_chianl[7] dtat_trans started
@365000: [DRV] src_chinal[4] & dest_chianl[7] dtat_trans started
@365000: [DRV] src_chinal[4] & dest_chianl[7] dtat_trans started
@705000: [DRV] src_chinal[4] & dest_chinal[7] date_trans_finished 
@705000: [DRV] src_chinal[4] & dest_chinal[7] date_trans_finished 
@705000: [DRV] src_chinal[4] & dest_chinal[7] date_trans_finished 

Warning-[NVPD-UNSUPP-OBJ] Object not supported for VPD dumping
  The object "tb.inst1.drive_chnl0_proc.pkt" is not currently supported for 
  dumping to a VPD file.  This object will not be dumped, but other objects 
  will continue to be dumped.
  To avoid this message please remove this object from the dump command.

dve> restart
Chronologic VCS simulator copyright 1991-2018
Contains Synopsys proprietary information.
Compiler version O-2018.09-SP2_Full64; Runtime version O-2018.09-SP2_Full64;  Jul  3 22:55 2026
VCD+ Writer O-2018.09-SP2_Full64 Copyright (c) 1991-2018 by Synopsys Inc.
The file '/home/icstudy/study_project/sv_labs/aut22/w5_lab/inter.vpd' was opened successfully.

Stop point #1 @ 105000 ps;  
dve> restart
Chronologic VCS simulator copyright 1991-2018
Contains Synopsys proprietary information.
Compiler version O-2018.09-SP2_Full64; Runtime version O-2018.09-SP2_Full64;  Jul  3 23:33 2026
VCD+ Writer O-2018.09-SP2_Full64 Copyright (c) 1991-2018 by Synopsys Inc.
The file '/home/icstudy/study_project/sv_labs/aut22/w5_lab/inter.vpd' was opened successfully.

Stop point #1 @ 105000 ps;  

Stop point #1 @ 365000 ps;  
@105000: [DRV] src_chinal[0] & dest_chianl[3] dtat_trans started
@365000: [DRV] src_chinal[0] & dest_chinal[3] date_trans_finished 

Stop point #1 @ 365000 ps;  
@365000: [DRV] src_chinal[0] & dest_chianl[5] dtat_trans started

Stop point #1 @ 365000 ps;  
@365000: [DRV] src_chinal[3] & dest_chianl[6] dtat_trans started
dve> run1u
Error: run1u
Error: invalid command name "run1u"
dve> run1us
Error: run1us
Error: invalid command name "run1us"
dve> run 1us
1365000 ps
@365000: [DRV] src_chinal[4] & dest_chianl[7] dtat_trans started
@625000: [DRV] src_chinal[0] & dest_chinal[5] date_trans_finished 
@705000: [DRV] src_chinal[4] & dest_chinal[7] date_trans_finished 
@705000: [DRV] src_chinal[3] & dest_chinal[6] date_trans_finished 
dve> restart
Chronologic VCS simulator copyright 1991-2018
Contains Synopsys proprietary information.
Compiler version O-2018.09-SP2_Full64; Runtime version O-2018.09-SP2_Full64;  Jul  3 23:41 2026
VCD+ Writer O-2018.09-SP2_Full64 Copyright (c) 1991-2018 by Synopsys Inc.
The file '/home/icstudy/study_project/sv_labs/aut22/w5_lab/inter.vpd' was opened successfully.
dve> run2us
Error: run2us
Error: invalid command name "run2us"
dve> run 2us

Stop point #1 @ 105000 ps;  
dve> restart
Chronologic VCS simulator copyright 1991-2018
Contains Synopsys proprietary information.
Compiler version O-2018.09-SP2_Full64; Runtime version O-2018.09-SP2_Full64;  Jul  3 23:41 2026
VCD+ Writer O-2018.09-SP2_Full64 Copyright (c) 1991-2018 by Synopsys Inc.
The file '/home/icstudy/study_project/sv_labs/aut22/w5_lab/inter.vpd' was opened successfully.
dve> run 2us
2000000 ps
@105000: [DRV] src_chinal[0] & dest_chianl[3] dtat_trans started
@105000: [DRV] src_chinal[3] & dest_chianl[6] dtat_trans started
@105000: [DRV] src_chinal[4] & dest_chianl[7] dtat_trans started
@365000: [DRV] src_chinal[0] & dest_chinal[3] date_trans_finished 
@365000: [DRV] src_chinal[0] & dest_chianl[5] dtat_trans started
@445000: [DRV] src_chinal[4] & dest_chinal[7] date_trans_finished 
@445000: [DRV] src_chinal[3] & dest_chinal[6] date_trans_finished 
@625000: [DRV] src_chinal[0] & dest_chinal[5] date_trans_finished 
dve> restart
Chronologic VCS simulator copyright 1991-2018
Contains Synopsys proprietary information.
Compiler version O-2018.09-SP2_Full64; Runtime version O-2018.09-SP2_Full64;  Jul  4 00:11 2026
VCD+ Writer O-2018.09-SP2_Full64 Copyright (c) 1991-2018 by Synopsys Inc.
The file '/home/icstudy/study_project/sv_labs/aut22/w5_lab/inter.vpd' was opened successfully.
dve> run 2us
2000000 ps
@105000: [DRV] src_chinal[0] & dest_chianl[3] dtat_trans started
@105000: [DRV] src_chinal[3] & dest_chianl[6] dtat_trans started
@105000: [DRV] src_chinal[4] & dest_chianl[7] dtat_trans started
@365000: [DRV] src_chinal[0] & dest_chinal[3] date_trans_finished 
@365000: [DRV] src_chinal[0] & dest_chianl[5] dtat_trans started
@445000: [DRV] src_chinal[4] & dest_chinal[7] date_trans_finished 
@445000: [DRV] src_chinal[3] & dest_chinal[6] date_trans_finished 
@625000: [DRV] src_chinal[0] & dest_chinal[5] date_trans_finished 
           V C S   S i m u l a t i o n   R e p o r t 
Time: 2000000 ps
CPU Time:      0.440 seconds;       Data structure size:   0.1Mb
Sat Jul  4 00:14:54 2026
