00:11:08    2015 --> ...                                                              [tcl] ucliGUI::start /home/icstudy/study_project/sv_labs/aut22/w5_lab/simv -ucligui 
00:11:08    2016 --> ...                                                                  [tcl] set ucliGUI::state
00:11:08    2017 --> ...                                                                      [tcl] gui_update_simulator_buttons
00:11:10    2018 --> ...                                                                          [tcl] set ucliGUI::state
00:11:10    2019 --> ...                                                                              [tcl] ucliCore::getToolPID
00:11:10    2020 --> ...                                                                                  [tcl] synopsys::env hasTB
00:11:10    2021 --> ...                                                                                      [tcl] trigger_hier_stack_context_switch 0
00:11:10    2022 --> ...                                                                                          [tcl] synopsys::xml set_array_limit <data limit="50" />
00:11:10    2023 --> ...                                                                                              [tcl] synopsys::xml set_depth_limit <data limit="100" />
00:11:10    2024 --> ...                                                                                                  [tcl] synopsys::xml set_string_limit <data limit="1000" />
00:11:10    2025 --> ...  [tcl] synopsys::xml set_only_active_frame <data value="1" />
00:11:10    2026 --> ...      [tcl] synopsys::xml set_variable_frame_id <data value="1" />
00:11:10    2027 --> ...          [tcl] synUtils::setDVEInitPhase 1
00:11:10    2028 --> ...              [tcl] gui_get_env SIMSETUP::SIMVPD
00:11:10    2029 --> ...                  [tcl] synopsys::dump -type VPD -file /home/icstudy/study_project/sv_labs/aut22/w5_lab/inter.vpd -locking
00:11:10    2030 --> ...                      [tcl] synopsys::dump -autoflush on -fid VPD10
00:11:10    2031 --> ...                          [tcl] set ::dve_fid VPD10
00:11:10    2032 --> ...                              [tcl] synUtils::setDVEInitPhase 0
00:11:10    2033 --> ...                                  [tcl] ucliCore::getToolPID
00:11:10    2034 --> ...                                      [tcl] synUtils::sendTool -active _icl_setToolSocket /tmp/smlnpK1HVPx
00:11:10    2035 --> ...                                          [tcl] synUtils::sendTool -active {_icl_start_rpc -version "O-2018.09-SP2_Full64" -sync_file /tmp/vcs_dve_rpc.icstudy.60906}
00:11:10    2036 --> ...                                              [tcl] synUtils::sendTool -active {_icl_createSharedMemory /tmp/vcs_dve_general.icstudy.60906}
00:11:10    2037 --> ...                                                  [tcl] config endofsim noexit
00:11:10    2038 --> ...                                                      [tcl] config onfail enable all
00:11:10    2039 --> ...                                                          [tcl] config syscaddplainmembers
00:11:10    2040 --> ...                                                              [tcl] config syscaddsourcenames
00:11:10    2041 --> ...                                                                  [tcl] config syscaddstructtypes
00:11:10    2042 --> ...                                                                      [tcl] synopsys::listing -disable
00:11:10    2043 --> ...                                                                          [tcl] # Begin_DVE_Session_Save_Info
00:11:10    2044 --> ...                                                                              [tcl] # DVE restart(Wave.1 ) session
00:11:10    2045 --> ...                                                                                  [tcl] # Saved on Sat Jul 4 00:11:07 2026
00:11:10    2046 --> ...                                                                                      [tcl] # Designs open: 1
00:11:10    2047 --> ...                                                                                          [tcl] #   Sim: /home/icstudy/study_project/sv_labs/aut22/w5_lab/simv
00:11:10    2048 --> ...                                                                                              [tcl] # Toplevel windows open: 2
00:11:10    2049 --> ...                                                                                                  [tcl] # 	TopLevel.1
00:11:10    2050 --> ...  [tcl] # 	TopLevel.2
00:11:10    2051 --> ...      [tcl] #   Source.1: tb.inst1.drive_chnl0_proc
00:11:10    2052 --> ...          [tcl] #   Wave.1: 18 signals
00:11:10    2053 --> ...              [tcl] #   Group count = 3
00:11:10    2054 --> ...                  [tcl] #   Group Group1 signal count = 9
00:11:10    2055 --> ...                      [tcl] #   Group Group2 signal count = 4
00:11:10    2056 --> ...                          [tcl] #   Group Group3 signal count = 5
00:11:10    2057 --> ...                              [tcl] # End_DVE_Session_Save_Info
00:11:10    2058 --> ...                                  [tcl] # DVE version: O-2018.09-SP2_Full64
00:11:10    2059 --> ...                                      [tcl] # DVE build date: Feb 28 2019 23:39:41
00:11:10    2060 --> ...                                          [tcl] #<Session mode="Restart" path=".restartSimSession.tcl" type="Debug">
00:11:10    2061 --> ...                                              [tcl] gui_set_loading_session_type Restart
00:11:10    2062 --> ...                                                  [tcl] gui_continuetime_set
00:11:10    2063 --> ...                                                      [tcl] gui_clear_window -type Wave
00:11:10    2064 --> ...                                                          [tcl] gui_clear_window -type List
00:11:10    2065 --> ...                                                              [tcl] # Application preferences
00:11:10    2066 --> ...                                                                  [tcl] gui_set_pref_value -key app_default_font -value {Bitstream Charter,14,-1,5,50,0,0,0,0,0}
00:11:10    2067 --> ...                                                                      [tcl] gui_src_preferences -tabstop 8 -maxbits 24 -windownumber 1
00:11:10    2068 --> ...                                                                          [tcl] #<WindowLayout>
00:11:10    2069 --> ...                                                                              [tcl] # DVE top-level session
00:11:10    2070 --> ...                                                                                  [tcl] # Create and position top-level window: TopLevel.1
00:11:10    2071 --> ...                                                                                      [tcl] set TopLevel.1 TopLevel.1
00:11:10    2072 --> ...                                                                                          [tcl] # Docked window settings
00:11:10    2073 --> ...                                                                                              [tcl] set HSPane.1 HSPane.1
00:11:10    2074 --> ...                                                                                                  [tcl] set Hier.1 Hier.1
00:11:10    2075 --> ...  [tcl] set Stack.1 Stack.1
00:11:10    2076 --> ...      [tcl] set Class.1 Class.1
00:11:10    2077 --> ...          [tcl] set Object.1 Object.1
00:11:10    2078 --> ...              [tcl] set DLPane.1 DLPane.1
00:11:10    2079 --> ...                  [tcl] set Data.1 Data.1
00:11:10    2080 --> ...                      [tcl] set Local.1 Local.1
00:11:10    2081 --> ...                          [tcl] set Member.1 Member.1
00:11:10    2082 --> ...                              [tcl] set Console.1 Console.1
00:11:10    2083 --> ...                                  [tcl] gui_sync_global -id ${TopLevel.1} -option true
00:11:10    2084 --> ...                                      [tcl] # MDI window settings
00:11:10    2085 --> ...                                          [tcl] set Source.1 Source.1
00:11:10    2086 --> ...                                              [tcl] gui_update_layout -id ${Source.1} {{show_state maximized} {dock_state undocked} {dock_on_new_line false}}
00:11:10    2087 --> ...                                                  [tcl] # End MDI window settings
00:11:10    2088 --> ...                                                      [tcl] # Create and position top-level window: TopLevel.2
00:11:10    2089 --> ...                                                          [tcl] set TopLevel.2 TopLevel.2
00:11:10    2090 --> ...                                                              [tcl] # Docked window settings
00:11:10    2091 --> ...                                                                  [tcl] gui_sync_global -id ${TopLevel.2} -option true
00:11:10    2092 --> ...                                                                      [tcl] # MDI window settings
00:11:10    2093 --> ...                                                                          [tcl] set Wave.1 Wave.1
00:11:10    2094 --> ...                                                                              [tcl] gui_update_layout -id ${Wave.1} {{show_state maximized} {dock_state undocked} {dock_on_new_line false} {child_wave_left 742} {child_wave_right 1810} {child_wave_colname 373} {child_wave_colvalue 365} {child_wave_col1 0} {child_wave_col2 1}}
00:11:10    2095 --> ...                                                                                  [tcl] # End MDI window settings
00:11:10    2096 --> ...                                                                                      [tcl] #</WindowLayout>
00:11:10    2097 --> ...                                                                                          [tcl] #<Database>
00:11:10    2098 --> ...                                                                                              [tcl] gui_set_precision 1ps
00:11:10    2099 --> ...                                                                                                  [tcl] gui_set_time_units 1ps
00:11:10    2100 --> ...  [tcl] #</Database>
00:11:10    2101 --> ...      [tcl] # DVE Global setting session:
00:11:10    2102 --> ...          [tcl] # Global: Breakpoints
00:11:10    2103 --> ...              [tcl] # Global: Bus
00:11:10    2104 --> ...                  [tcl] # Global: Expressions
00:11:10    2105 --> ...                      [tcl] # Global: Signal Time Shift
00:11:10    2106 --> ...                          [tcl] # Global: Signal Compare
00:11:10    2107 --> ...                              [tcl] # Global: Signal Groups
00:11:10    2108 --> ...                                  [tcl] set _session_group_23 Group1
00:11:10    2109 --> ...                                      [tcl] gui_sg_create "$_session_group_23"
00:11:10    2110 --> ...                                          [tcl] set Group1 "$_session_group_23"
00:11:10    2111 --> ...                                              [tcl] gui_sg_addsignal -group "$_session_group_23" { tb.dut.reset_n tb.dut.clock tb.dut.din tb.dut.frame_n tb.dut.valid_n tb.dut.dout tb.dut.valido_n tb.dut.busy_n tb.dut.frameo_n }
00:11:10    2112 --> ...                                                  [tcl] set _session_group_24 Group2
00:11:10    2113 --> ...                                                      [tcl] gui_sg_create "$_session_group_24"
00:11:10    2114 --> ...                                                          [tcl] set Group2 "$_session_group_24"
00:11:10    2115 --> ...                                                              [tcl] gui_sg_addsignal -group "$_session_group_24" { tb.dut.clock {tb.dut.din[0]} {tb.dut.valid_n[0]} {tb.dut.frame_n[0]} }
00:11:10    2116 --> ...                                                                  [tcl] set _session_group_25 Group3
00:11:10    2117 --> ...                                                                      [tcl] gui_sg_create "$_session_group_25"
00:11:10    2118 --> ...                                                                          [tcl] set Group3 "$_session_group_25"
00:11:10    2119 --> ...                                                                              [tcl] gui_sg_addsignal -group "$_session_group_25" { tb.dut.clock {tb.dut.dout[3]} {tb.dut.valido_n[3]} {tb.dut.frameo_n[3]} {tb.dut.busy_n[3]} }
00:11:10    2120 --> ...                                                                                  [tcl] # Global: Highlighting
00:11:10    2121 --> ...                                                                                      [tcl] # Global: Stack
00:11:10    2122 --> ...                                                                                          [tcl] gui_change_stack_mode -mode list
00:11:10    2123 --> ...                                                                                              [tcl] # Post database loading setting...
00:11:10    2124 --> ...                                                                                                  [tcl] # Save global setting...
00:11:10    2125 --> ...  [tcl] # Wave/List view global setting
00:11:10    2126 --> ...      [tcl] gui_cov_show_value -switch false
00:11:10    2127 --> ...          [tcl] # Close all empty TopLevel windows
00:11:10    2128 --> ...              [tcl] foreach __top [gui_ekki_get_window_ids -type TopLevel] {     if { [llength [gui_ekki_get_window_ids -parent $__top]] == 0} {         gui_close_window -window $__top     } }
00:11:10    2129 --> ...                  [tcl] gui_set_loading_session_type noSession
00:11:10    2130 --> ...                      [tcl] # DVE View/pane content session:
00:11:10    2131 --> ...                          [tcl] # Hier 'Hier.1'
00:11:10    2132 --> ...                              [tcl] gui_show_window -window ${Hier.1}
00:11:10    2133 --> ...                                  [tcl] gui_list_set_filter -id ${Hier.1} -list { {Package 1} {All 0} {Process 1} {VirtPowSwitch 0} {UnnamedProcess 1} {UDP 0} {Function 1} {Block 1} {SrsnAndSpaCell 0} {OVA Unit 1} {LeafScCell 1} {LeafVlgCell 1} {Interface 1} {LeafVhdCell 1} {$unit 1} {NamedBlock 1} {Task 1} {VlgPackage 1} {ClassDef 1} {VirtIsoCell 0} }
00:11:10    2134 --> ...                                      [tcl] gui_list_set_filter -id ${Hier.1} -text {*}
00:11:10    2135 --> ...                                          [tcl] gui_change_design -id ${Hier.1} -design Sim
00:11:10    2136 --> ...                                              [tcl] catch {gui_list_expand -id ${Hier.1} tb}
00:11:10    2137 --> ...                                                  [tcl] catch {gui_list_select -id ${Hier.1} {tb.dut}}
00:11:10    2138 --> ...                                                      [tcl] dveMisc::vbusExpand tb.dut
00:11:10    2139 --> ...                                                          [tcl] gui_view_scroll -id ${Hier.1} -vertical -set 0
00:11:10    2140 --> ...                                                              [tcl] gui_view_scroll -id ${Hier.1} -horizontal -set 0
00:11:10    2141 --> ...                                                                  [tcl] # Class 'Class.1'
00:11:10    2142 --> ...                                                                      [tcl] gui_list_set_filter -id ${Class.1} -list { {OVM 1} {VMM 1} {All 1} {Object 1} {UVM 1} {RVM 1} }
00:11:10    2143 --> ...                                                                          [tcl] gui_list_set_filter -id ${Class.1} -text {*}
00:11:10    2144 --> ...                                                                              [tcl] gui_change_design -id ${Class.1} -design Sim
00:11:10    2145 --> ...                                                                                  [tcl] # Member 'Member.1'
00:11:10    2146 --> ...                                                                                      [tcl] gui_list_set_filter -id ${Member.1} -list { {InternalMember 0} {RandMember 1} {All 0} {BaseMember 0} {PrivateMember 1} {LibBaseMember 0} {AutomaticMember 1} {VirtualMember 1} {PublicMember 1} {ProtectedMember 1} {OverRiddenMember 0} {InterfaceClassMember 1} {StaticMember 1} }
00:11:10    2147 --> ...                                                                                          [tcl] gui_list_set_filter -id ${Member.1} -text {*}
00:11:10    2148 --> ...                                                                                              [tcl] # Data 'Data.1'
00:11:10    2149 --> ...                                                                                                  [tcl] gui_list_set_filter -id ${Data.1} -list { {Buffer 1} {Input 1} {Others 1} {Linkage 1} {Output 1} {LowPower 1} {Parameter 1} {All 1} {Aggregate 1} {LibBaseMember 1} {Event 1} {Assertion 1} {Constant 1} {Interface 1} {BaseMembers 1} {Signal 1} {$unit 1} {Inout 1} {Variable 1} }
00:11:10    2150 --> ...  [tcl] gui_list_set_filter -id ${Data.1} -text {*}
00:11:10    2151 --> ...      [tcl] gui_list_show_data -id ${Data.1} {tb.dut}
00:11:10    2152 --> ...          [tcl] gui_show_window -window ${Data.1}
00:11:10    2153 --> ...              [tcl] catch { gui_list_select -id ${Data.1} {tb.dut.dout tb.dut.din tb.dut.clock tb.dut.frameo_n tb.dut.reset_n tb.dut.valid_n tb.dut.frame_n tb.dut.valido_n tb.dut.busy_n }}
00:11:10    2154 --> ...                  [tcl] gui_view_scroll -id ${Data.1} -vertical -set 0
00:11:10    2155 --> ...                      [tcl] gui_view_scroll -id ${Data.1} -horizontal -set 0
00:11:10    2156 --> ...                          [tcl] gui_view_scroll -id ${Hier.1} -vertical -set 0
00:11:10    2157 --> ...                              [tcl] gui_view_scroll -id ${Hier.1} -horizontal -set 0
00:11:10    2158 --> ...                                  [tcl] # Source 'Source.1'
00:11:10    2159 --> ...                                      [tcl] gui_src_value_annotate -id ${Source.1} -switch false
00:11:10    2160 --> ...                                          [tcl] gui_set_env TOGGLE::VALUEANNOTATE 0
00:11:10    2161 --> ...                                              [tcl] gui_open_source -id ${Source.1}  -replace -active tb.inst1.drive_chnl0_proc /home/icstudy/study_project/sv_labs/aut22/w5_lab/tb.sv
00:11:10    2162 --> ...                                                  [tcl] gui_src_value_annotate -id ${Source.1} -switch true
00:11:10    2163 --> ...                                                      [tcl] dveMisc::vbusExpand tb.inst1
00:11:10    2164 --> ...                                                          [tcl] dveMisc::vbusExpand tb.inst1.drive_chnl0_proc
00:11:10    2165 --> ...                                                              [tcl] dveMisc::vbusExpand _vcs_unit__2049218633
00:11:11    2166 --> ...                                                                  [tcl] ucliGUI::getSignalValues -scope tb.inst1.drive_chnl0_proc -radix {binary binary } -list {tb.inst1.intf.reset_n tb.inst1.intf.clock }
00:11:11    2167 --> ...                                                                      [tcl] gui_set_env TOGGLE::VALUEANNOTATE 1
00:11:11    2168 --> ...                                                                          [tcl] gui_view_scroll -id ${Source.1} -vertical -set 825
00:11:11    2169 --> ...                                                                              [tcl] gui_src_set_reusable -id ${Source.1}
00:11:11    2170 --> ...                                                                                  [tcl] # Warning: Class view not found.
00:11:11    2171 --> ...                                                                                      [tcl] # View 'Wave.1'
00:11:11    2172 --> ...                                                                                          [tcl] gui_wv_sync -id ${Wave.1} -switch false
00:11:11    2173 --> ...                                                                                              [tcl] set groupExD [gui_get_pref_value -category Wave -key exclusiveSG]
00:11:11    2174 --> ...                                                                                                  [tcl] gui_set_pref_value -category Wave -key exclusiveSG -value {false}
00:11:11    2175 --> ...  [tcl] set origWaveHeight [gui_get_pref_value -category Wave -key waveRowHeight]
00:11:11    2176 --> ...      [tcl] gui_list_set_height -id Wave -height 25
00:11:11    2177 --> ...          [tcl] set origGroupCreationState [gui_list_create_group_when_add -wave]
00:11:11    2178 --> ...              [tcl] gui_list_create_group_when_add -wave -disable
00:11:11    2179 --> ...                  [tcl] gui_wv_zoom_timerange -id ${Wave.1} 0 2000000
00:11:11    2180 --> ...                      [tcl] gui_list_add_group -id ${Wave.1} -after {New Group} {Group1}
00:11:11    2181 --> ...                          [tcl] synopsys::dump -add {tb.dut.busy_n tb.dut.clock tb.dut.din tb.dut.dout tb.dut.frame_n tb.dut.frameo_n tb.dut.reset_n tb.dut.valid_n tb.dut.valido_n } -aggregates  -fid VPD10
00:11:11    2182 --> ...                              [tcl] gui_list_add_group -id ${Wave.1} -after {New Group} {Group2}
00:11:11    2183 --> ...                                  [tcl] gui_list_add_group -id ${Wave.1} -after {New Group} {Group3}
00:11:11    2184 --> ...                                      [tcl] gui_list_expand -id ${Wave.1} tb.dut.din
00:11:11    2185 --> ...                                          [tcl] gui_list_select -id ${Wave.1} {{tb.dut.frame_n[0]} }
00:11:11    2186 --> ...                                              [tcl] gui_seek_criteria -id ${Wave.1} {Any Edge}
00:11:11    2187 --> ...                                                  [tcl] gui_set_env TOGGLE::DEFAULT_WAVE_WINDOW ${Wave.1}
00:11:11    2188 --> ...                                                      [tcl] gui_set_pref_value -category Wave -key exclusiveSG -value $groupExD
00:11:11    2189 --> ...                                                          [tcl] gui_list_set_height -id Wave -height $origWaveHeight
00:11:11    2190 --> ...                                                              [tcl] if {$origGroupCreationState} { 	gui_list_create_group_when_add -wave -enable }
00:11:11    2191 --> ...                                                                  [tcl] if { $groupExD } {  gui_msg_report -code DVWW028 }
00:11:11    2192 --> ...                                                                      [tcl] gui_list_set_filter -id ${Wave.1} -list { {Buffer 1} {Input 1} {Others 1} {Linkage 1} {Output 1} {Parameter 1} {All 1} {Aggregate 1} {LibBaseMember 1} {Event 1} {Assertion 1} {Constant 1} {Interface 1} {BaseMembers 1} {Signal 1} {$unit 1} {Inout 1} {Variable 1} }
00:11:11    2193 --> ...                                                                          [tcl] gui_list_set_filter -id ${Wave.1} -text {*}
00:11:11    2194 --> ...                                                                              [tcl] gui_list_set_insertion_bar  -id ${Wave.1} -group Group3  -item {tb.dut.busy_n[3]} -position below
00:11:11    2195 --> ...                                                                                  [tcl] gui_view_scroll -id ${Wave.1} -vertical -set 0
00:11:11    2196 --> ...                                                                                      [tcl] gui_show_grid -id ${Wave.1} -enable false
00:11:11    2197 --> ...                                                                                          [tcl] # Restore toplevel window zorder
00:11:11    2198 --> ...                                                                                              [tcl] # The toplevel window could be closed if it has no view/pane
00:11:11    2199 --> ...                                                                                                  [tcl] if {[gui_exist_window -window ${TopLevel.2}]} { 	gui_set_active_window -window ${TopLevel.2} 	gui_set_active_window -window ${Wave.1} }
00:11:11    2200 --> ...  [tcl] if {[gui_exist_window -window ${TopLevel.1}]} { 	gui_set_active_window -window ${TopLevel.1} 	gui_set_active_window -window ${Source.1} 	gui_set_active_window -window ${Console.1} }
00:11:11    2201 --> ...      [tcl] #</Session>
00:11:11    2202 --> ...          [tcl] catch {senv activeDomain} dveMisc::result 
00:11:11    2203 --> ...              [tcl] set dveMisc::result
00:11:11    2204 --> ...                  [tcl] dveMisc::vbusExpand tb
00:11:11    2205 --> ...                      [tcl] synopsys::dump -add {tb.intf } -aggregates  -fid VPD10
00:11:11    2206 --> ...                          [tcl] ucliGUI::getSignalValues -scope tb -radix {binary binary hexadecimal hexadecimal hexadecimal hexadecimal hexadecimal hexadecimal hexadecimal hexadecimal hexadecimal hexadecimal hexadecimal hexadecimal hexadecimal hexadecimal } -list {clk rstn {din[15:0]} {frame_n[15:0]} {valid_n[15:0]} {dout[15:0]} {valido_n[15:0]} {busy_n[15:0]} {frameo_n[15:0]} {intf.frame_n[15:0]} {intf.valid_n[15:0]} {intf.din[15:0]} {intf.dout[15:0]} {intf.busy_n[15:0]} {intf.valido_n[15:0]} {intf.frameo_n[15:0]} }
00:11:23    2207 --> ...                              [tcl] run 2us
00:11:23    2208 --> ...                                  [tcl] set ucliGUI::state
00:11:23    2209 --> ...                                      [tcl] gui_update_simulator_buttons
00:11:23    2210 --> ...                                          [tcl] set ucliGUI::state
00:11:23    2211 --> ...                                              [tcl] set ucliGUI::state
00:11:23    2212 --> ...                                                  [tcl] set ucliGUI::state
00:11:23    2213 --> ...                                                      [tcl] set ucliGUI::state
00:11:23    2214 --> ...                                                          [tcl] catch {senv activeDomain} dveMisc::result 
00:11:23    2215 --> ...                                                              [tcl] set dveMisc::result
00:11:23    2216 --> ...                                                                  [tcl] gui_update_simulator_buttons
00:11:23    2217 --> ...                                                                      [tcl] synopsys::xml get_stop_data
00:11:23    2218 --> ...                                                                          [tcl] synopsys::xml {frames <data updateType="preserve" itemId="none" viewId="Stack.1" />}
00:11:23    2219 --> ...                                                                              [tcl] dveMisc::vbusExpand tb.gen
00:11:23    2220 --> ...                                                                                  [tcl] synopsys::xml {locals <data updateType="preserve" itemId="none" frame_id="frame(20:12:23)" viewId="Local.1" />}
00:11:23    2221 --> ...                                                                                      [tcl] ucliGUI::getSignalValues -scope tb.inst1.drive_chnl0_proc -radix {binary binary } -list {tb.inst1.intf.reset_n tb.inst1.intf.clock }
00:14:54    2222 --> ...                                                                                          [tcl] if [catch {gui_sim_terminate}] {gui_sim_terminate -kill}
00:14:54    2223 --> ...                                                                                              [tcl] synopsys::finish
00:14:54    2224 --> ...                                                                                                  [tcl] set ucliGUI::state
00:14:54    2225 --> ...  [tcl] gui_update_simulator_buttons
00:14:54    2226 --> ...      [tcl] set ucliGUI::state
00:14:54    2227 --> ...          [tcl] catch {senv activeDomain} dveMisc::result 
00:14:54    2228 --> ...              [tcl] set dveMisc::result
00:14:54    2229 --> ...                  [tcl] gui_update_simulator_buttons
00:14:54    2230 --> ...                      [tcl] catch {senv activeDomain} dveMisc::result 
00:14:54    2231 --> ...                          [tcl] set dveMisc::result
00:14:54    2232 --> ...                              [tcl] ucli_exit
