ucliGUI::start /home/icstudy/study_project/sv_labs/aut22/w3_lab/simv -ucligui 
set ucliGUI::state
set ucliGUI::state
ucliCore::getToolPID
synopsys::env hasTB
trigger_hier_stack_context_switch 0
synopsys::xml set_array_limit <data limit="50" />
synopsys::xml set_depth_limit <data limit="100" />
synopsys::xml set_string_limit <data limit="1000" />
synopsys::xml set_only_active_frame <data value="1" />
synopsys::xml set_variable_frame_id <data value="1" />
synUtils::setDVEInitPhase 1
synopsys::dump -type VPD -file /home/icstudy/study_project/sv_labs/aut22/w3_lab/inter.vpd -locking
synopsys::dump -autoflush on -fid VPD1
set ::dve_fid VPD1
synUtils::setDVEInitPhase 0
ucliCore::getToolPID
synUtils::sendTool -active _icl_setToolSocket /tmp/smlnph4dz2G
synUtils::sendTool -active {_icl_start_rpc -version "O-2018.09-SP2_Full64" -sync_file /tmp/vcs_dve_rpc.icstudy.21228}
synUtils::sendTool -active {_icl_createSharedMemory /tmp/vcs_dve_general.icstudy.21228}
config endofsim noexit
config onfail enable all
config syscaddplainmembers
config syscaddsourcenames
config syscaddstructtypes
synopsys::listing -disable
# Begin_DVE_Session_Save_Info
# DVE restart(Wave.1 ) session
# Saved on Tue Jun 30 14:25:59 2026
# Designs open: 1
#   Sim: /home/icstudy/study_project/sv_labs/aut22/w3_lab/simv
# Toplevel windows open: 2
# 	TopLevel.1
# 	TopLevel.2
#   Source.1: tb
#   Wave.1: 18 signals
#   Group count = 3
#   Group Router[DUT] signal count = 9
#   Group din_chnl[0] signal count = 4
#   Group dout_chnl[3] signal count = 5
# End_DVE_Session_Save_Info
# DVE version: O-2018.09-SP2_Full64
# DVE build date: Feb 28 2019 23:39:41
#<Session mode="Restart" path=".restartSimSession.tcl" type="Debug">
# Application preferences
#<WindowLayout>
# DVE top-level session
# Create and position top-level window: TopLevel.1
set TopLevel.1 TopLevel.1
# Docked window settings
set HSPane.1 HSPane.1
set Hier.1 Hier.1
set Stack.1 Stack.1
set Class.1 Class.1
set Object.1 Object.1
set DLPane.1 DLPane.1
set Data.1 Data.1
set Local.1 Local.1
set Member.1 Member.1
set Console.1 Console.1
# MDI window settings
set Source.1 Source.1
# End MDI window settings
# Create and position top-level window: TopLevel.2
set TopLevel.2 TopLevel.2
# Docked window settings
# MDI window settings
set Wave.1 Wave.1
# End MDI window settings
#</WindowLayout>
#<Database>
#</Database>
# DVE Global setting session:
# Global: Breakpoints
# Global: Bus
# Global: Expressions
# Global: Signal Time Shift
# Global: Signal Compare
# Global: Signal Groups
set _session_group_1 {Router[DUT]}
set {Router[DUT]} "$_session_group_1"
set _session_group_2 {din_chnl[0]}
set {din_chnl[0]} "$_session_group_2"
set _session_group_3 {dout_chnl[3]}
set {dout_chnl[3]} "$_session_group_3"
# Global: Highlighting
# Global: Stack
# Post database loading setting...
# Save global setting...
# Wave/List view global setting
# Close all empty TopLevel windows
foreach __top [gui_ekki_get_window_ids -type TopLevel] {     if { [llength [gui_ekki_get_window_ids -parent $__top]] == 0} {         gui_close_window -window $__top     } }
# DVE View/pane content session:
# Hier 'Hier.1'
catch {gui_list_expand -id ${Hier.1} tb}
catch {gui_list_select -id ${Hier.1} {tb.dut}}
# Class 'Class.1'
# Member 'Member.1'
# Data 'Data.1'
catch { gui_list_select -id ${Data.1} {tb.dut.reset_n tb.dut.clock tb.dut.din tb.dut.frame_n tb.dut.valid_n tb.dut.dout tb.dut.valido_n tb.dut.busy_n tb.dut.frameo_n }}
# Source 'Source.1'
ucliGUI::getSignalValues -scope tb -radix {binary binary hexadecimal hexadecimal hexadecimal hexadecimal hexadecimal hexadecimal hexadecimal } -list {clk rstn {din[15:0]} {frame_n[15:0]} {valid_n[15:0]} {dout[15:0]} {valido_n[15:0]} {busy_n[15:0]} {frameo_n[15:0]} }
# Warning: Class view not found.
# View 'Wave.1'
set groupExD [gui_get_pref_value -category Wave -key exclusiveSG]
set origWaveHeight [gui_get_pref_value -category Wave -key waveRowHeight]
set origGroupCreationState [gui_list_create_group_when_add -wave]
synopsys::dump -add {tb.dut.busy_n tb.dut.clock tb.dut.din tb.dut.dout tb.dut.frame_n tb.dut.frameo_n tb.dut.reset_n tb.dut.valid_n tb.dut.valido_n } -aggregates  -fid VPD1
if {$origGroupCreationState} { 	gui_list_create_group_when_add -wave -enable }
if { $groupExD } {  gui_msg_report -code DVWW028 }
# Restore toplevel window zorder
# The toplevel window could be closed if it has no view/pane
if {[gui_exist_window -window ${TopLevel.2}]} { 	gui_set_active_window -window ${TopLevel.2} 	gui_set_active_window -window ${Wave.1} }
if {[gui_exist_window -window ${TopLevel.1}]} { 	gui_set_active_window -window ${TopLevel.1} 	gui_set_active_window -window ${Source.1} 	gui_set_active_window -window ${Console.1} }
#</Session>
dump -add /*
run 500ns
set ucliGUI::state
set ucliGUI::state
set ucliGUI::state
set ucliGUI::state
set ucliGUI::state
synopsys::xml get_stop_data
ucliGUI::getSignalValues -scope tb -radix {binary binary hexadecimal hexadecimal hexadecimal hexadecimal hexadecimal hexadecimal hexadecimal } -list {clk rstn {din[15:0]} {frame_n[15:0]} {valid_n[15:0]} {dout[15:0]} {valido_n[15:0]} {busy_n[15:0]} {frameo_n[15:0]} }
if [catch {gui_sim_terminate}] {gui_sim_terminate -kill}
synopsys::finish
set ucliGUI::state
set ucliGUI::state
ucli_exit
