14:25:59    70 --> ...                                                                                  [tcl] ucliGUI::start /home/icstudy/study_project/sv_labs/aut22/w3_lab/simv -ucligui 
14:25:59    71 --> ...                                                                                      [tcl] set ucliGUI::state
14:25:59    72 --> ...                                                                                          [tcl] gui_update_simulator_buttons
14:26:01    73 --> ...                                                                                              [tcl] set ucliGUI::state
14:26:01    74 --> ...                                                                                                  [tcl] ucliCore::getToolPID
14:26:01    75 --> ...  [tcl] synopsys::env hasTB
14:26:01    76 --> ...      [tcl] trigger_hier_stack_context_switch 0
14:26:01    77 --> ...          [tcl] synopsys::xml set_array_limit <data limit="50" />
14:26:01    78 --> ...              [tcl] synopsys::xml set_depth_limit <data limit="100" />
14:26:01    79 --> ...                  [tcl] synopsys::xml set_string_limit <data limit="1000" />
14:26:01    80 --> ...                      [tcl] synopsys::xml set_only_active_frame <data value="1" />
14:26:01    81 --> ...                          [tcl] synopsys::xml set_variable_frame_id <data value="1" />
14:26:01    82 --> ...                              [tcl] synUtils::setDVEInitPhase 1
14:26:01    83 --> ...                                  [tcl] gui_get_env SIMSETUP::SIMVPD
14:26:01    84 --> ...                                      [tcl] synopsys::dump -type VPD -file /home/icstudy/study_project/sv_labs/aut22/w3_lab/inter.vpd -locking
14:26:01    85 --> ...                                          [tcl] synopsys::dump -autoflush on -fid VPD1
14:26:01    86 --> ...                                              [tcl] set ::dve_fid VPD1
14:26:01    87 --> ...                                                  [tcl] synUtils::setDVEInitPhase 0
14:26:01    88 --> ...                                                      [tcl] ucliCore::getToolPID
14:26:01    89 --> ...                                                          [tcl] synUtils::sendTool -active _icl_setToolSocket /tmp/smlnph4dz2G
14:26:01    90 --> ...                                                              [tcl] synUtils::sendTool -active {_icl_start_rpc -version "O-2018.09-SP2_Full64" -sync_file /tmp/vcs_dve_rpc.icstudy.21228}
14:26:01    91 --> ...                                                                  [tcl] synUtils::sendTool -active {_icl_createSharedMemory /tmp/vcs_dve_general.icstudy.21228}
14:26:01    92 --> ...                                                                      [tcl] config endofsim noexit
14:26:01    93 --> ...                                                                          [tcl] config onfail enable all
14:26:01    94 --> ...                                                                              [tcl] config syscaddplainmembers
14:26:01    95 --> ...                                                                                  [tcl] config syscaddsourcenames
14:26:01    96 --> ...                                                                                      [tcl] config syscaddstructtypes
14:26:01    97 --> ...                                                                                          [tcl] synopsys::listing -disable
14:26:02    98 --> ...                                                                                              [tcl] # Begin_DVE_Session_Save_Info
14:26:02    99 --> ...                                                                                                  [tcl] # DVE restart(Wave.1 ) session
14:26:02    100 --> ...  [tcl] # Saved on Tue Jun 30 14:25:59 2026
14:26:02    101 --> ...      [tcl] # Designs open: 1
14:26:02    102 --> ...          [tcl] #   Sim: /home/icstudy/study_project/sv_labs/aut22/w3_lab/simv
14:26:02    103 --> ...              [tcl] # Toplevel windows open: 2
14:26:02    104 --> ...                  [tcl] # 	TopLevel.1
14:26:02    105 --> ...                      [tcl] # 	TopLevel.2
14:26:02    106 --> ...                          [tcl] #   Source.1: tb
14:26:02    107 --> ...                              [tcl] #   Wave.1: 18 signals
14:26:02    108 --> ...                                  [tcl] #   Group count = 3
14:26:02    109 --> ...                                      [tcl] #   Group Router[DUT] signal count = 9
14:26:02    110 --> ...                                          [tcl] #   Group din_chnl[0] signal count = 4
14:26:02    111 --> ...                                              [tcl] #   Group dout_chnl[3] signal count = 5
14:26:02    112 --> ...                                                  [tcl] # End_DVE_Session_Save_Info
14:26:02    113 --> ...                                                      [tcl] # DVE version: O-2018.09-SP2_Full64
14:26:02    114 --> ...                                                          [tcl] # DVE build date: Feb 28 2019 23:39:41
14:26:02    115 --> ...                                                              [tcl] #<Session mode="Restart" path=".restartSimSession.tcl" type="Debug">
14:26:02    116 --> ...                                                                  [tcl] gui_set_loading_session_type Restart
14:26:02    117 --> ...                                                                      [tcl] gui_continuetime_set
14:26:02    118 --> ...                                                                          [tcl] gui_clear_window -type Wave
14:26:02    119 --> ...                                                                              [tcl] gui_clear_window -type List
14:26:02    120 --> ...                                                                                  [tcl] # Application preferences
14:26:02    121 --> ...                                                                                      [tcl] gui_set_pref_value -key app_default_font -value {Helvetica,10,-1,5,50,0,0,0,0,0}
14:26:02    122 --> ...                                                                                          [tcl] gui_src_preferences -tabstop 8 -maxbits 24 -windownumber 1
14:26:02    123 --> ...                                                                                              [tcl] #<WindowLayout>
14:26:02    124 --> ...                                                                                                  [tcl] # DVE top-level session
14:26:02    125 --> ...  [tcl] # Create and position top-level window: TopLevel.1
14:26:02    126 --> ...      [tcl] set TopLevel.1 TopLevel.1
14:26:02    127 --> ...          [tcl] # Docked window settings
14:26:02    128 --> ...              [tcl] set HSPane.1 HSPane.1
14:26:02    129 --> ...                  [tcl] set Hier.1 Hier.1
14:26:02    130 --> ...                      [tcl] set Stack.1 Stack.1
14:26:02    131 --> ...                          [tcl] set Class.1 Class.1
14:26:02    132 --> ...                              [tcl] set Object.1 Object.1
14:26:02    133 --> ...                                  [tcl] set DLPane.1 DLPane.1
14:26:02    134 --> ...                                      [tcl] set Data.1 Data.1
14:26:02    135 --> ...                                          [tcl] set Local.1 Local.1
14:26:02    136 --> ...                                              [tcl] set Member.1 Member.1
14:26:02    137 --> ...                                                  [tcl] set Console.1 Console.1
14:26:02    138 --> ...                                                      [tcl] gui_sync_global -id ${TopLevel.1} -option true
14:26:02    139 --> ...                                                          [tcl] # MDI window settings
14:26:02    140 --> ...                                                              [tcl] set Source.1 Source.1
14:26:02    141 --> ...                                                                  [tcl] gui_update_layout -id ${Source.1} {{show_state maximized} {dock_state undocked} {dock_on_new_line false}}
14:26:02    142 --> ...                                                                      [tcl] # End MDI window settings
14:26:02    143 --> ...                                                                          [tcl] # Create and position top-level window: TopLevel.2
14:26:02    144 --> ...                                                                              [tcl] set TopLevel.2 TopLevel.2
14:26:02    145 --> ...                                                                                  [tcl] # Docked window settings
14:26:02    146 --> ...                                                                                      [tcl] gui_sync_global -id ${TopLevel.2} -option true
14:26:02    147 --> ...                                                                                          [tcl] # MDI window settings
14:26:02    148 --> ...                                                                                              [tcl] set Wave.1 Wave.1
14:26:02    149 --> ...                                                                                                  [tcl] gui_update_layout -id ${Wave.1} {{show_state maximized} {dock_state undocked} {dock_on_new_line false} {child_wave_left 742} {child_wave_right 1810} {child_wave_colname 369} {child_wave_colvalue 369} {child_wave_col1 0} {child_wave_col2 1}}
14:26:02    150 --> ...  [tcl] # End MDI window settings
14:26:02    151 --> ...      [tcl] #</WindowLayout>
14:26:02    152 --> ...          [tcl] #<Database>
14:26:02    153 --> ...              [tcl] gui_set_precision 1ps
14:26:02    154 --> ...                  [tcl] gui_set_time_units 1ps
14:26:02    155 --> ...                      [tcl] #</Database>
14:26:02    156 --> ...                          [tcl] # DVE Global setting session:
14:26:02    157 --> ...                              [tcl] # Global: Breakpoints
14:26:02    158 --> ...                                  [tcl] # Global: Bus
14:26:02    159 --> ...                                      [tcl] # Global: Expressions
14:26:02    160 --> ...                                          [tcl] # Global: Signal Time Shift
14:26:02    161 --> ...                                              [tcl] # Global: Signal Compare
14:26:02    162 --> ...                                                  [tcl] # Global: Signal Groups
14:26:02    163 --> ...                                                      [tcl] set _session_group_1 {Router[DUT]}
14:26:02    164 --> ...                                                          [tcl] gui_sg_create "$_session_group_1"
14:26:02    165 --> ...                                                              [tcl] set {Router[DUT]} "$_session_group_1"
14:26:02    166 --> ...                                                                  [tcl] gui_sg_addsignal -group "$_session_group_1" { tb.dut.clock tb.dut.reset_n tb.dut.din tb.dut.frame_n tb.dut.valid_n tb.dut.busy_n tb.dut.dout tb.dut.frameo_n tb.dut.valido_n }
14:26:02    167 --> ...                                                                      [tcl] set _session_group_2 {din_chnl[0]}
14:26:02    168 --> ...                                                                          [tcl] gui_sg_create "$_session_group_2"
14:26:02    169 --> ...                                                                              [tcl] set {din_chnl[0]} "$_session_group_2"
14:26:02    170 --> ...                                                                                  [tcl] gui_sg_addsignal -group "$_session_group_2" { tb.dut.clock {tb.dut.din[0]} {tb.dut.valid_n[0]} {tb.dut.frame_n[0]} }
14:26:02    171 --> ...                                                                                      [tcl] set _session_group_3 {dout_chnl[3]}
14:26:02    172 --> ...                                                                                          [tcl] gui_sg_create "$_session_group_3"
14:26:02    173 --> ...                                                                                              [tcl] set {dout_chnl[3]} "$_session_group_3"
14:26:02    174 --> ...                                                                                                  [tcl] gui_sg_addsignal -group "$_session_group_3" { tb.dut.clock {tb.dut.dout[3]} {tb.dut.valido_n[3]} {tb.dut.frameo_n[3]} {tb.dut.busy_n[3]} }
14:26:02    175 --> ...  [tcl] # Global: Highlighting
14:26:02    176 --> ...      [tcl] # Global: Stack
14:26:02    177 --> ...          [tcl] gui_change_stack_mode -mode list
14:26:02    178 --> ...              [tcl] # Post database loading setting...
14:26:02    179 --> ...                  [tcl] # Save global setting...
14:26:02    180 --> ...                      [tcl] # Wave/List view global setting
14:26:02    181 --> ...                          [tcl] gui_cov_show_value -switch false
14:26:02    182 --> ...                              [tcl] # Close all empty TopLevel windows
14:26:02    183 --> ...                                  [tcl] foreach __top [gui_ekki_get_window_ids -type TopLevel] {     if { [llength [gui_ekki_get_window_ids -parent $__top]] == 0} {         gui_close_window -window $__top     } }
14:26:02    184 --> ...                                      [tcl] gui_set_loading_session_type noSession
14:26:02    185 --> ...                                          [tcl] # DVE View/pane content session:
14:26:02    186 --> ...                                              [tcl] # Hier 'Hier.1'
14:26:02    187 --> ...                                                  [tcl] gui_show_window -window ${Hier.1}
14:26:02    188 --> ...                                                      [tcl] gui_list_set_filter -id ${Hier.1} -list { {Package 1} {All 0} {Process 1} {VirtPowSwitch 0} {UnnamedProcess 1} {UDP 0} {Function 1} {Block 1} {SrsnAndSpaCell 0} {OVA Unit 1} {LeafScCell 1} {LeafVlgCell 1} {Interface 1} {LeafVhdCell 1} {$unit 1} {NamedBlock 1} {Task 1} {VlgPackage 1} {ClassDef 1} {VirtIsoCell 0} }
14:26:02    189 --> ...                                                          [tcl] gui_list_set_filter -id ${Hier.1} -text {*}
14:26:02    190 --> ...                                                              [tcl] gui_change_design -id ${Hier.1} -design Sim
14:26:02    191 --> ...                                                                  [tcl] catch {gui_list_expand -id ${Hier.1} tb}
14:26:02    192 --> ...                                                                      [tcl] catch {gui_list_select -id ${Hier.1} {tb.dut}}
14:26:02    193 --> ...                                                                          [tcl] dveMisc::vbusExpand tb.dut
14:26:02    194 --> ...                                                                              [tcl] gui_view_scroll -id ${Hier.1} -vertical -set 0
14:26:02    195 --> ...                                                                                  [tcl] gui_view_scroll -id ${Hier.1} -horizontal -set 0
14:26:02    196 --> ...                                                                                      [tcl] # Class 'Class.1'
14:26:02    197 --> ...                                                                                          [tcl] gui_list_set_filter -id ${Class.1} -list { {OVM 1} {VMM 1} {All 1} {Object 1} {UVM 1} {RVM 1} }
14:26:02    198 --> ...                                                                                              [tcl] gui_list_set_filter -id ${Class.1} -text {*}
14:26:02    199 --> ...                                                                                                  [tcl] gui_change_design -id ${Class.1} -design Sim
14:26:02    200 --> ...  [tcl] # Member 'Member.1'
14:26:02    201 --> ...      [tcl] gui_list_set_filter -id ${Member.1} -list { {InternalMember 0} {RandMember 1} {All 0} {BaseMember 0} {PrivateMember 1} {LibBaseMember 0} {AutomaticMember 1} {VirtualMember 1} {PublicMember 1} {ProtectedMember 1} {OverRiddenMember 0} {InterfaceClassMember 1} {StaticMember 1} }
14:26:02    202 --> ...          [tcl] gui_list_set_filter -id ${Member.1} -text {*}
14:26:02    203 --> ...              [tcl] # Data 'Data.1'
14:26:02    204 --> ...                  [tcl] gui_list_set_filter -id ${Data.1} -list { {Buffer 1} {Input 1} {Others 1} {Linkage 1} {Output 1} {LowPower 1} {Parameter 1} {All 1} {Aggregate 1} {LibBaseMember 1} {Event 1} {Assertion 1} {Constant 1} {Interface 1} {BaseMembers 1} {Signal 1} {$unit 1} {Inout 1} {Variable 1} }
14:26:02    205 --> ...                      [tcl] gui_list_set_filter -id ${Data.1} -text {*}
14:26:02    206 --> ...                          [tcl] gui_list_show_data -id ${Data.1} {tb.dut}
14:26:02    207 --> ...                              [tcl] gui_show_window -window ${Data.1}
14:26:02    208 --> ...                                  [tcl] catch { gui_list_select -id ${Data.1} {tb.dut.reset_n tb.dut.clock tb.dut.din tb.dut.frame_n tb.dut.valid_n tb.dut.dout tb.dut.valido_n tb.dut.busy_n tb.dut.frameo_n }}
14:26:02    209 --> ...                                      [tcl] gui_view_scroll -id ${Data.1} -vertical -set 0
14:26:02    210 --> ...                                          [tcl] gui_view_scroll -id ${Data.1} -horizontal -set 0
14:26:02    211 --> ...                                              [tcl] gui_view_scroll -id ${Hier.1} -vertical -set 0
14:26:02    212 --> ...                                                  [tcl] gui_view_scroll -id ${Hier.1} -horizontal -set 0
14:26:02    213 --> ...                                                      [tcl] # Source 'Source.1'
14:26:02    214 --> ...                                                          [tcl] gui_src_value_annotate -id ${Source.1} -switch false
14:26:02    215 --> ...                                                              [tcl] gui_set_env TOGGLE::VALUEANNOTATE 0
14:26:02    216 --> ...                                                                  [tcl] gui_open_source -id ${Source.1}  -replace -active tb /home/icstudy/study_project/sv_labs/aut22/w3_lab/tb.sv
14:26:02    217 --> ...                                                                      [tcl] gui_src_value_annotate -id ${Source.1} -switch true
14:26:02    218 --> ...                                                                          [tcl] ucliGUI::getSignalValues -scope tb -radix {binary binary hexadecimal hexadecimal hexadecimal hexadecimal hexadecimal hexadecimal hexadecimal } -list {clk rstn {din[15:0]} {frame_n[15:0]} {valid_n[15:0]} {dout[15:0]} {valido_n[15:0]} {busy_n[15:0]} {frameo_n[15:0]} }
14:26:02    219 --> ...                                                                              [tcl] gui_set_env TOGGLE::VALUEANNOTATE 1
14:26:02    220 --> ...                                                                                  [tcl] gui_view_scroll -id ${Source.1} -vertical -set 90
14:26:02    221 --> ...                                                                                      [tcl] gui_src_set_reusable -id ${Source.1}
14:26:02    222 --> ...                                                                                          [tcl] # Warning: Class view not found.
14:26:02    223 --> ...                                                                                              [tcl] # View 'Wave.1'
14:26:02    224 --> ...                                                                                                  [tcl] gui_wv_sync -id ${Wave.1} -switch false
14:26:02    225 --> ...  [tcl] set groupExD [gui_get_pref_value -category Wave -key exclusiveSG]
14:26:02    226 --> ...      [tcl] gui_set_pref_value -category Wave -key exclusiveSG -value {false}
14:26:02    227 --> ...          [tcl] set origWaveHeight [gui_get_pref_value -category Wave -key waveRowHeight]
14:26:02    228 --> ...              [tcl] gui_list_set_height -id Wave -height 25
14:26:02    229 --> ...                  [tcl] set origGroupCreationState [gui_list_create_group_when_add -wave]
14:26:02    230 --> ...                      [tcl] gui_list_create_group_when_add -wave -disable
14:26:02    231 --> ...                          [tcl] gui_wv_zoom_timerange -id ${Wave.1} 0 500000
14:26:02    232 --> ...                              [tcl] gui_list_add_group -id ${Wave.1} -after {New Group} {{Router[DUT]}}
14:26:02    233 --> ...                                  [tcl] synopsys::dump -add {tb.dut.busy_n tb.dut.clock tb.dut.din tb.dut.dout tb.dut.frame_n tb.dut.frameo_n tb.dut.reset_n tb.dut.valid_n tb.dut.valido_n } -aggregates  -fid VPD1
14:26:02    234 --> ...                                      [tcl] gui_list_add_group -id ${Wave.1} -after {New Group} {{din_chnl[0]}}
14:26:02    235 --> ...                                          [tcl] gui_list_add_group -id ${Wave.1} -after {New Group} {{dout_chnl[3]}}
14:26:02    236 --> ...                                              [tcl] gui_list_expand -id ${Wave.1} tb.dut.frameo_n
14:26:02    237 --> ...                                                  [tcl] gui_list_select -id ${Wave.1} {{tb.dut.din[0]} }
14:26:02    238 --> ...                                                      [tcl] gui_seek_criteria -id ${Wave.1} {Rising}
14:26:02    239 --> ...                                                          [tcl] gui_set_env TOGGLE::DEFAULT_WAVE_WINDOW ${Wave.1}
14:26:02    240 --> ...                                                              [tcl] gui_set_pref_value -category Wave -key exclusiveSG -value $groupExD
14:26:02    241 --> ...                                                                  [tcl] gui_list_set_height -id Wave -height $origWaveHeight
14:26:02    242 --> ...                                                                      [tcl] if {$origGroupCreationState} { 	gui_list_create_group_when_add -wave -enable }
14:26:02    243 --> ...                                                                          [tcl] if { $groupExD } {  gui_msg_report -code DVWW028 }
14:26:02    244 --> ...                                                                              [tcl] gui_list_set_filter -id ${Wave.1} -list { {Buffer 1} {Input 1} {Others 1} {Linkage 1} {Output 1} {Parameter 1} {All 1} {Aggregate 1} {LibBaseMember 1} {Event 1} {Assertion 1} {Constant 1} {Interface 1} {BaseMembers 1} {Signal 1} {$unit 1} {Inout 1} {Variable 1} }
14:26:02    245 --> ...                                                                                  [tcl] gui_list_set_filter -id ${Wave.1} -text {*}
14:26:02    246 --> ...                                                                                      [tcl] gui_list_set_insertion_bar  -id ${Wave.1} -group {dout_chnl[3]}  -item {tb.dut.frameo_n[3]} -position below
14:26:02    247 --> ...                                                                                          [tcl] gui_view_scroll -id ${Wave.1} -vertical -set 0
14:26:02    248 --> ...                                                                                              [tcl] gui_show_grid -id ${Wave.1} -enable false
14:26:02    249 --> ...                                                                                                  [tcl] # Restore toplevel window zorder
14:26:02    250 --> ...  [tcl] # The toplevel window could be closed if it has no view/pane
14:26:02    251 --> ...      [tcl] if {[gui_exist_window -window ${TopLevel.2}]} { 	gui_set_active_window -window ${TopLevel.2} 	gui_set_active_window -window ${Wave.1} }
14:26:02    252 --> ...          [tcl] if {[gui_exist_window -window ${TopLevel.1}]} { 	gui_set_active_window -window ${TopLevel.1} 	gui_set_active_window -window ${Source.1} 	gui_set_active_window -window ${Console.1} }
14:26:02    253 --> ...              [tcl] #</Session>
14:26:03    254 --> ...                  [tcl] dveMisc::vbusExpand tb
14:26:15    255 --> ...                      [tcl] dump -add /*
14:26:24    256 --> ...                          [tcl] run 500ns
14:26:24    257 --> ...                              [tcl] set ucliGUI::state
14:26:24    258 --> ...                                  [tcl] gui_update_simulator_buttons
14:26:24    259 --> ...                                      [tcl] set ucliGUI::state
14:26:24    260 --> ...                                          [tcl] set ucliGUI::state
14:26:24    261 --> ...                                              [tcl] set ucliGUI::state
14:26:24    262 --> ...                                                  [tcl] set ucliGUI::state
14:26:24    263 --> ...                                                      [tcl] catch {senv activeDomain} dveMisc::result 
14:26:24    264 --> ...                                                          [tcl] set dveMisc::result
14:26:24    265 --> ...                                                              [tcl] gui_update_simulator_buttons
14:26:24    266 --> ...                                                                  [tcl] synopsys::xml get_stop_data
14:26:24    267 --> ...                                                                      [tcl] ucliGUI::getSignalValues -scope tb -radix {binary binary hexadecimal hexadecimal hexadecimal hexadecimal hexadecimal hexadecimal hexadecimal } -list {clk rstn {din[15:0]} {frame_n[15:0]} {valid_n[15:0]} {dout[15:0]} {valido_n[15:0]} {busy_n[15:0]} {frameo_n[15:0]} }
14:26:32    268 --> ...                                                                          [tcl] dveMisc::vbusExpand tb.inst1
23:36:46    269 --> ...                                                                              [tcl] if [catch {gui_sim_terminate}] {gui_sim_terminate -kill}
23:36:46    270 --> ...                                                                                  [tcl] synopsys::finish
23:36:46    271 --> ...                                                                                      [tcl] set ucliGUI::state
23:36:46    272 --> ...                                                                                          [tcl] gui_update_simulator_buttons
23:36:47    273 --> ...                                                                                              [tcl] set ucliGUI::state
23:36:47    274 --> ...                                                                                                  [tcl] catch {senv activeDomain} dveMisc::result 
23:36:47    275 --> ...  [tcl] set dveMisc::result
23:36:47    276 --> ...      [tcl] gui_update_simulator_buttons
23:36:47    277 --> ...          [tcl] catch {senv activeDomain} dveMisc::result 
23:36:47    278 --> ...              [tcl] set dveMisc::result
23:36:47    279 --> ...                  [tcl] ucli_exit
