# Preference setting overrides
gui_create_pref_key -category {Globals} -key {load_detail_for_funcov} -value_type {bool} -value {false}
gui_set_pref_value -category {Source} -key {value_annotate} -value {true}

# State setting overrides
gui_state_default_create -off -ini
gui_set_state_value -category Layout -key child_console_size_x -value 295
gui_set_state_value -category Layout -key child_console_size_y -value 179
gui_set_state_value -category Layout -key child_data_coltype -value 144
gui_set_state_value -category Layout -key child_data_colvalue -value 139
gui_set_state_value -category Layout -key child_data_colvariable -value 181
gui_set_state_value -category Layout -key child_data_size_x -value 470
gui_set_state_value -category Layout -key child_data_size_y -value 1068
gui_set_state_value -category Layout -key child_hier_col3 -value {-1}
gui_set_state_value -category Layout -key child_hier_colhier -value 206
gui_set_state_value -category Layout -key child_hier_colpd -value 0
gui_set_state_value -category Layout -key child_hier_coltype -value 136
gui_set_state_value -category Layout -key child_hier_size_x -value 349
gui_set_state_value -category Layout -key child_hier_size_y -value 1068
gui_set_state_value -category Layout -key child_source_docknewline -value false
gui_set_state_value -category Layout -key child_source_pos_x -value {-2}
gui_set_state_value -category Layout -key child_source_pos_y -value {-15}
gui_set_state_value -category Layout -key child_source_size_x -value 1741
gui_set_state_value -category Layout -key child_source_size_y -value 1063
gui_set_state_value -category Layout -key child_wave_colname -value 369
gui_set_state_value -category Layout -key child_wave_colvalue -value 369
gui_set_state_value -category Layout -key child_wave_left -value 742
gui_set_state_value -category Layout -key child_wave_right -value 1810
gui_set_state_value -category Layout -key main_pos_x -value 1
gui_set_state_value -category Layout -key main_pos_y -value 38
gui_set_state_value -category Layout -key main_size_x -value 2558
gui_set_state_value -category Layout -key main_size_y -value 1366
gui_set_state_value -category Layout -key stand_wave_child_docknewline -value false
gui_set_state_value -category Layout -key stand_wave_child_pos_x -value {-2}
gui_set_state_value -category Layout -key stand_wave_child_pos_y -value {-15}
gui_set_state_value -category Layout -key stand_wave_child_size_x -value 2562
gui_set_state_value -category Layout -key stand_wave_child_size_y -value 1242
gui_set_state_value -category Layout -key stand_wave_top_pos_x -value 60
gui_set_state_value -category Layout -key stand_wave_top_pos_y -value 66
gui_set_state_value -category Layout -key stand_wave_top_size_x -value 2617
gui_set_state_value -category Layout -key stand_wave_top_size_y -value 1394
gui_create_state_key -category FindDialog -key m_pMatchCase -value_type bool -value false
gui_create_state_key -category FindDialog -key m_pMatchWord -value_type bool -value false
gui_create_state_key -category FindDialog -key m_pUseCombo -value_type string -value {}
gui_create_state_key -category FindDialog -key m_pWrapAround -value_type bool -value true
gui_state_default_create -off

# Begin command logging
gui_set_pref_value -category {Globals} -key {smart_resize} -value {false}
gui_set_pref_value -category {Globals} -key {smart_resize} -value {true}
gui_sim_run Ucli -exe ./simv -args {-ucligui  } -dir .
dump -add
dump -add /*
run 500ns
gui_list_expand -id  Hier.1   tb
gui_list_select -id Hier.1 -current_item_name tb.dut -current_item_type Scope  -selected  { tb.dut   }
gui_list_select -id Data.1 -selected  { tb.dut.reset_n   }
gui_list_select -id Data.1 -selected  { tb.dut.reset_n  tb.dut.clock  {tb.dut.din[15:0]}  {tb.dut.frame_n[15:0]}  {tb.dut.valid_n[15:0]}  {tb.dut.dout[15:0]}  {tb.dut.valido_n[15:0]}  {tb.dut.busy_n[15:0]}  {tb.dut.frameo_n[15:0]}   }
gui_open_window Wave
gui_list_add -id Wave.1 -from Data.1 { tb.dut.reset_n tb.dut.clock {tb.dut.din[15:0]} {tb.dut.frame_n[15:0]} {tb.dut.valid_n[15:0]} {tb.dut.dout[15:0]} {tb.dut.valido_n[15:0]} {tb.dut.busy_n[15:0]} {tb.dut.frameo_n[15:0]} } -insertionbar
gui_wv_zoom_timerange -id  Wave.1 0 596
gui_marker_move -id  Wave.1 C1 328
gui_zoom -window Wave.1 -full
gui_list_expand -id  Wave.1   {tb.dut.din[15:0]}
gui_list_select -id Wave.1 -selected  { {tb.dut.din[0]}   }
gui_list_add  -id  Wave.1   -after tb.dut.clock {{tb.dut.din[0]}} 
gui_list_expand -id  Wave.1   {tb.dut.valid_n[15:0]}
gui_list_select -id Wave.1 -selected  { {tb.dut.valid_n[0]}   }
gui_list_add  -id  Wave.1   -after {tb.dut.din[0]} {{tb.dut.valid_n[0]}} 
gui_marker_move -id  Wave.1 C1 158939
gui_marker_move -id  Wave.1 C1 115000
gui_seek_criteria -id Wave.1 "Rising" 
gui_marker_create -id  Wave.1 C2 155000
gui_seek_next -id Wave.1 -number 4 
gui_seek_previous -id Wave.1 -number 4 
gui_list_select -id Wave.1 -selected  { tb.dut.clock   }
gui_seek_next -id Wave.1 -number 4 
gui_seek_next -id Wave.1 -number 4 
gui_seek_next -id Wave.1 -number 4 
gui_marker_move -id  Wave.1 C1 115000
gui_seek_next -id Wave.1 -number 4 
gui_seek_next -id Wave.1 -number 4 
gui_marker_move -id  Wave.1 C1 205000
gui_list_expand -id  Wave.1   {tb.dut.frame_n[15:0]}
gui_list_select -id Wave.1 -selected  { {tb.dut.frame_n[0]}   }
gui_list_add  -id  Wave.1   -after {tb.dut.valid_n[0]} {{tb.dut.frame_n[0]}} 
gui_list_select -id Wave.1 -selected  { {tb.dut.frame_n[3]}   }
gui_list_add  -id  Wave.1   -after {tb.dut.frame_n[0]} {{tb.dut.frame_n[3]}} 
gui_list_collapse -id  Wave.1   {tb.dut.frame_n[15:0]}
gui_list_collapse -id  Wave.1   {tb.dut.din[15:0]}
gui_list_collapse -id  Wave.1   {tb.dut.valid_n[15:0]}
gui_list_expand -id  Wave.1   {tb.dut.busy_n[15:0]}
gui_list_select -id Wave.1 -selected  { {tb.dut.busy_n[3]}   }
gui_list_add  -id  Wave.1   -after {tb.dut.frame_n[3]} {{tb.dut.busy_n[3]}} 
gui_list_select -id Wave.1 -selected  { {tb.dut.frameo_n[15:0]}   }
gui_list_expand -id  Wave.1   {tb.dut.valido_n[15:0]}
gui_list_select -id Wave.1 -selected  { {tb.dut.valido_n[3]}   }
gui_list_add  -id  Wave.1   -after {tb.dut.busy_n[3]} {{tb.dut.valido_n[3]}} 
gui_list_collapse -id  Wave.1   {tb.dut.valido_n[15:0]}
gui_list_collapse -id  Wave.1   {tb.dut.busy_n[15:0]}
gui_list_expand -id  Wave.1   {tb.dut.dout[15:0]}
gui_list_select -id Wave.1 -selected  { {tb.dut.dout[3]}   }
gui_list_add  -id  Wave.1   -after {tb.dut.valido_n[3]} {{tb.dut.dout[3]}} 
gui_list_collapse -id  Wave.1   {tb.dut.dout[15:0]}
gui_list_select -id Wave.1 -selected  { {tb.dut.din[0]}   }
gui_list_select -id Wave.1 -selected  { {tb.dut.din[0]}  {tb.dut.valid_n[0]}  {tb.dut.frame_n[0]}  {tb.dut.frame_n[3]}  {tb.dut.busy_n[3]}  {tb.dut.valido_n[3]}  {tb.dut.dout[3]}   }
gui_sg_create  Group2 
gui_list_add_group -id  Wave.1   {Group2} 
gui_list_move  -id  Wave.1    -sid  Wave.1   -after Group2 {{tb.dut.din[0]} {tb.dut.valid_n[0]} {tb.dut.frame_n[0]} {tb.dut.frame_n[3]} {tb.dut.busy_n[3]} {tb.dut.valido_n[3]} {tb.dut.dout[3]}}
gui_list_select -id Wave.1 -selected  {  }
gui_list_select -id Wave.1 -selected  { Group1   }
gui_list_action -id  Wave.1 Group1
gui_list_action -id  Wave.1 Group1
gui_list_action -id  Wave.1 Group1
gui_list_select -id Wave.1 -selected  {  }
gui_list_select -id Wave.1 -selected  { Group1   }
gui_list_set_filter -id Wave.1 -text {*}
gui_list_select -id Wave.1 -selected  {  }
gui_list_collapse -id  Wave.1   Group1
gui_list_collapse -id  Wave.1   Group2
gui_list_select -id Wave.1 -selected  { Group2   }
gui_list_select -id Wave.1 -selected  { Group1   }
gui_list_select -id Wave.1 -selected  { Group2   }
gui_list_select -id Wave.1 -selected  {  }
gui_list_expand -id  Wave.1   Group2
gui_list_collapse -id  Wave.1   Group2
gui_list_select -id Wave.1 -selected  { Group2   }
gui_list_move  -id  Wave.1    -sid  Wave.1   -intoGroup Group1 { {Group2} }
gui_list_expand -id  Wave.1   Group1
gui_list_move -id  Wave.1  -sid  Wave.1  -after  {New Group}  {Group1|Group2} 
gui_list_sort -id  Wave.1   {Name}
gui_list_sort -id  Wave.1   -descending  {Name}
gui_list_sort -id  Wave.1   -by decl
gui_list_sort -id  Wave.1   {Name}
gui_list_sort -id  Wave.1   -descending  {Name}
gui_list_sort -id  Wave.1   -by decl
gui_list_expand -id  Wave.1   Group2
gui_list_select -id Wave.1 -selected  { Group1   }
gui_list_select -id Wave.1 -selected  {  }
gui_list_select -id Wave.1 -selected  { Group1   }
gui_list_select -id Wave.1 -selected  {  }
gui_list_select -id Wave.1 -selected  { Group1   }
gui_list_action -id  Wave.1 Group1
gui_list_select -id Wave.1 -selected  {  }
gui_list_select -id Wave.1 -selected  { Group1   }
gui_list_select -id Wave.1 -selected  {  }
gui_list_select -id Wave.1 -selected  { Group1   }
gui_list_action -id  Wave.1 Group1
gui_list_action -id  Wave.1 Group1
gui_list_select -id Wave.1 -selected  {  }
gui_list_select -id Wave.1 -selected  { Group1   }
gui_list_action -id  Wave.1 Group1
gui_list_select -id Wave.1 -selected  {  }
gui_list_collapse -id  Wave.1   Group1
gui_list_select -id Wave.1 -selected  { Group2   }
gui_list_action -id  Wave.1 Group2
gui_list_action -id  Wave.1 Group2
gui_list_select -id Wave.1 -selected  {  }
gui_list_expand -id  Wave.1   Group1
gui_save_session -savedb none -view {Wave.1 }  -file /home/icstudy/study_project/sv_labs/aut22/w3_lab/session.inter.vpd.tcl
gui_list_select -id Wave.1 -selected  { Group1   }
gui_list_collapse -id  Wave.1   Group1
gui_list_select -id Wave.1 -selected  {  }
gui_wv_zoom_timerange -id  Wave.1 241899 243855
gui_zoom -window Wave.1 -full
gui_marker_move -id  Wave.1 C2 154749
gui_marker_move -id  Wave.1 C2 155028
gui_marker_move -id  Wave.1 C2 168436
gui_marker_move -id  Wave.1 C2 181006
gui_list_select -id Wave.1 -selected  { Group1   }
gui_scroll -window Wave.1 -vrel .2
gui_sg_rename  Group1   {Router[DUT]}
gui_list_select -id Wave.1 -selected  { Group2   }
gui_list_action -id  Wave.1 Group2
gui_sg_rename  Group2   din_chnlo
gui_list_select -id Wave.1 -selected  {  }
gui_list_expand -id  Wave.1   {Router[DUT]}
gui_list_select -id Wave.1 -selected  { {Router[DUT]}   }
gui_list_select -id Wave.1 -selected  { {tb.dut.frame_n[0]}   }
gui_list_move  -id  Wave.1    -sid  Wave.1   -after {tb.dut.din[0]} {{tb.dut.frame_n[0]}} 
gui_list_select -id Wave.1 -selected  { {tb.dut.valid_n[0]}   }
gui_list_move  -id  Wave.1    -sid  Wave.1   -after {tb.dut.frame_n[0]} {{tb.dut.valid_n[0]}} 
gui_list_select -id Wave.1 -selected  { {tb.dut.busy_n[3]}   }
gui_list_move  -id  Wave.1    -sid  Wave.1   -after {tb.dut.valido_n[3]} {{tb.dut.busy_n[3]}} 
gui_list_select -id Wave.1 -selected  {  }
gui_list_select -id Wave.1 -selected  { {tb.dut.dout[3]}   }
gui_list_select -id Wave.1 -selected  { {tb.dut.dout[3]}  {tb.dut.frame_n[3]}  {tb.dut.valido_n[3]}  {tb.dut.busy_n[3]}   }
gui_sg_create  Group3 
gui_list_add_group -id  Wave.1   {Group3} 
gui_list_move  -id  Wave.1    -sid  Wave.1   -after Group3 {{tb.dut.dout[3]} {tb.dut.frame_n[3]} {tb.dut.valido_n[3]} {tb.dut.busy_n[3]}}
gui_list_select -id Wave.1 -selected  {  }
gui_list_select -id Wave.1 -selected  { Group3   }
gui_list_select -id Wave.1 -selected  { din_chnlo   }
gui_sg_rename  din_chnlo   {din_chnl[0]}
gui_list_select -id Wave.1 -selected  { Group3   }
gui_sg_rename  Group3   {dout_chnl[3]}
gui_list_select -id Wave.1 -selected  {  }
gui_list_select -id Wave.1 -selected  { {din_chnl[0]}   }
gui_list_move  -id  Wave.1    -sid  Wave.1   -intoGroup {Router[DUT]} { {din_chnl[0]} }
gui_list_select -id Wave.1 -selected  { {dout_chnl[3]}   }
gui_list_move  -id  Wave.1    -sid  Wave.1   -intoGroup {Router[DUT]} { {dout_chnl[3]} }
gui_list_move -id  Wave.1  -sid  Wave.1  -after  {New Group}  {{Router[DUT]|dout_chnl[3]}} 
gui_list_select -id Wave.1 -selected  { {Router[DUT]|din_chnl[0]}   }
gui_list_move  -id  Wave.1    -sid  Wave.1   -after {tb.dut.valido_n[15:0]} { {Router[DUT]|din_chnl[0]} } 
gui_list_select -id Wave.1 -selected  { tb.dut.clock   }
gui_list_select -id Wave.1 -selected  { tb.dut.clock  tb.dut.reset_n   }
gui_list_add  -id  Wave.1   -after tb.dut.clock {{tb.dut.clock} {tb.dut.reset_n}} 
gui_sg_create  Group4 
gui_list_add_group -id  Wave.1   {Group4} 
gui_list_add  -id  Wave.1   -after Group4 {{tb.dut.clock} {tb.dut.reset_n}}
gui_list_select -id Wave.1 -selected  { tb.dut.reset_n   }
gui_list_select -id Wave.1 -selected  { {Router[DUT]}   }
gui_list_select -id Wave.1 -selected  { tb.dut.reset_n   }
gui_list_select -id Wave.1 -selected  { {Router[DUT]}   }
gui_list_select -id Wave.1 -selected  { tb.dut.reset_n   }
gui_delete_selected -id  Wave.1
gui_list_select -id Wave.1 -selected  { tb.dut.clock   }
gui_list_select -id Wave.1 -selected  { tb.dut.clock   }
gui_list_select -id Wave.1 -selected  {  }
gui_list_select -id Wave.1 -selected  { tb.dut.clock   }
gui_list_select -id Wave.1 -selected  { tb.dut.clock  tb.dut.clock   }
gui_list_add  -id  Wave.1   -after {din_chnl[0]} {{tb.dut.clock} {tb.dut.clock}}
gui_list_select -id Wave.1 -selected  { tb.dut.clock   }
gui_list_move  -id  Wave.1    -sid  Wave.1   -after {tb.dut.dout[3]} {{tb.dut.clock}} 
gui_list_move  -id  Wave.1    -sid  Wave.1   -after {tb.dut.dout[3]} {{tb.dut.clock}} 
gui_list_move  -id  Wave.1    -sid  Wave.1   -after {dout_chnl[3]} {{tb.dut.clock}}
gui_list_select -id Wave.1 -selected  { tb.dut.clock   }
gui_delete_selected -id  Wave.1
gui_list_select -id Wave.1 -selected  { Group4   }
gui_delete_selected -id  Wave.1
gui_marker_move -id  Wave.1 C1 315642
gui_list_select -id Wave.1 -selected  { {tb.dut.frame_n[3]}   }
gui_list_select -id Wave.1 -selected  { {tb.dut.valido_n[3]}   }
gui_list_select -id Wave.1 -selected  { {tb.dut.frame_n[3]}   }
gui_list_select -id Wave.1 -selected  { {tb.dut.valido_n[3]}   }
gui_list_select -id Wave.1 -selected  { {tb.dut.frame_n[0]}   }
gui_list_select -id Wave.1 -selected  { {tb.dut.valid_n[0]}   }
gui_list_select -id Wave.1 -selected  { {tb.dut.frame_n[0]}   }
gui_list_select -id Wave.1 -selected  { {tb.dut.valid_n[0]}   }
gui_list_move  -id  Wave.1    -sid  Wave.1   -after {tb.dut.din[0]} {{tb.dut.valid_n[0]}} 
gui_marker_move -id  Wave.1 C1 286313
gui_list_select -id Wave.1 -selected  { {tb.dut.valido_n[3]}   }
gui_list_move  -id  Wave.1    -sid  Wave.1   -after {tb.dut.dout[3]} {{tb.dut.valido_n[3]}} 
gui_list_select -id Wave.1 -selected  { {tb.dut.frame_n[3]}   }
gui_list_move  -id  Wave.1    -sid  Wave.1   -after {tb.dut.frame_n[15:0]} {{tb.dut.frame_n[3]}} 
gui_list_move  -id  Wave.1    -sid  Wave.1   -after {tb.dut.frame_n[15:0]} {{tb.dut.frame_n[3]}} 
gui_list_expand -id  Wave.1   {tb.dut.frame_n[15:0]}
gui_delete_selected -id  Wave.1
gui_list_collapse -id  Wave.1   {tb.dut.frame_n[15:0]}
gui_list_select -id Wave.1 -selected  { {tb.dut.valid_n[15:0]}   }
gui_list_expand -id  Wave.1   {tb.dut.frameo_n[15:0]}
gui_list_select -id Wave.1 -selected  { {tb.dut.frameo_n[3]}   }
gui_list_add  -id  Wave.1   -after {tb.dut.valido_n[3]} {{tb.dut.frameo_n[3]}} 
gui_marker_move -id  Wave.1 C1 250559
gui_list_select -id Wave.1 -selected  { {tb.dut.dout[3]}   }
gui_marker_move -id  Wave.1 C1 300559
gui_list_select -id Wave.1 -selected  { {tb.dut.din[15:0]}   }
gui_list_select -id Wave.1 -selected  { {tb.dut.din[0]}   }
gui_marker_move -id  Wave.1 C1 225000
gui_marker_move -id  Wave.1 C2 285000
restart
gui_sim_restart
gui_set_pref_value -category {Source} -key {value_annotate} -value {false}
gui_set_pref_value -category {Source} -key {value_annotate} -value {true}
dump -add /*
run 500ns
gui_list_select -id Hier.1 -current_item_name tb.inst1 -current_item_type Scope  -selected  { tb.inst1   }
gui_list_expand -id  Hier.1   tb.inst1
gui_list_select -id Data.1 -selected  { {tb.inst1.dbg_data[7:0]}   }
gui_list_select -id Data.1 -selected  { tb.inst1.dbg_state  {tb.inst1.dbg_data[7:0]}   }
gui_list_add -id Wave.1 -from Data.1 { tb.inst1.dbg_state {tb.inst1.dbg_data[7:0]} } -insertionbar
gui_list_select -id Wave.1 -selected  { {New Group}   }
gui_list_set_insertion_bar -id Wave.1 -group {New Group} -pos in
gui_sg_create Group1
gui_list_add_group -id Wave.1 {{Group1}} -after {New Group}
gui_list_select -id Wave.1 -selected  { Group1   }
gui_sg_rename  Group1   DEBUG
gui_list_select -id Wave.1 -selected  {  }
gui_list_select -id Wave.1 -selected  { {tb.dut.busy_n[3]}   }
gui_list_select -id Wave.1 -selected  { {tb.inst1.dbg_data[7:0]}   }
gui_sg_create  Group2 
gui_list_add_group -id  Wave.1   {Group2} 
gui_list_move  -id  Wave.1    -sid  Wave.1   -after Group2 {{tb.inst1.dbg_data[7:0]}}
gui_list_select -id Wave.1 -selected  { {tb.inst1.dbg_state[31:0]}   }
gui_list_move  -id  Wave.1    -sid  Wave.1   -after Group2 {{tb.inst1.dbg_state[31:0]}}
gui_list_select -id Wave.1 -selected  {  }
gui_list_select -id Wave.1 -selected  { {tb.dut.busy_n[3]}   }
gui_marker_move -id  Wave.1 C1 454469
gui_zoom -window Wave.1 -full
gui_list_select -id Hier.1 -current_item_name tb -current_item_type Scope  -selected  { tb   }
gui_list_select -id Data.1 -selected  { {tb.dout[15:0]}   }
gui_list_select -id Hier.1 -current_item_name tb.dut -current_item_type Scope  -selected  { tb.dut   }
gui_list_select -id Data.1 -selected  {  }
gui_close_window -window TopLevel.1
